Log file open, 08/21/20 20:11:51
LogInit: Display: Running engine for game: DetectiveOffice
LogPlatformFile: Not using cached read wrapper
LogTaskGraph: Started task graph with 5 named threads and 11 total threads with 3 sets of task threads.
LogStats: Stats thread started at 0.423666
LogD3D11RHI: Loaded GFSDK_Aftermath_Lib.x64.dll
LogICUInternationalization: ICU TimeZone Detection - Raw Offset: +5:30, Platform Override: ''
LogPluginManager: Mounting plugin Paper2D
LogPluginManager: Mounting plugin AISupport
LogPluginManager: Mounting plugin LightPropagationVolume
LogPluginManager: Mounting plugin CameraShakePreviewer
LogPluginManager: Mounting plugin ActorLayerUtilities
LogPluginManager: Mounting plugin AnimationSharing
LogPluginManager: Mounting plugin CLionSourceCodeAccess
LogPluginManager: Mounting plugin CodeLiteSourceCodeAccess
LogPluginManager: Mounting plugin GitSourceControl
LogPluginManager: Mounting plugin KDevelopSourceCodeAccess
LogPluginManager: Mounting plugin NullSourceCodeAccess
LogPluginManager: Mounting plugin PerforceSourceControl
LogPluginManager: Mounting plugin PlasticSourceControl
LogPluginManager: Mounting plugin RiderSourceCodeAccess
LogPluginManager: Mounting plugin SubversionSourceControl
LogPluginManager: Mounting plugin UObjectPlugin
LogPluginManager: Mounting plugin VisualStudioCodeSourceCodeAccess
LogPluginManager: Mounting plugin VisualStudioSourceCodeAccess
LogPluginManager: Mounting plugin XCodeSourceCodeAccess
LogPluginManager: Mounting plugin AssetManagerEditor
LogPluginManager: Mounting plugin CryptoKeys
LogPluginManager: Mounting plugin CurveEditorTools
LogPluginManager: Mounting plugin DataValidation
LogPluginManager: Mounting plugin EditorScriptingUtilities
LogPluginManager: Mounting plugin FacialAnimation
LogPluginManager: Mounting plugin GameplayTagsEditor
LogPluginManager: Mounting plugin GeometryMode
LogPluginManager: Mounting plugin MacGraphicsSwitching
LogPluginManager: Mounting plugin MaterialAnalyzer
LogPluginManager: Mounting plugin MobileLauncherProfileWizard
LogPluginManager: Mounting plugin PluginBrowser
LogPluginManager: Mounting plugin SpeedTreeImporter
LogPluginManager: Mounting plugin DatasmithContent
LogPluginManager: Mounting plugin VariantManagerContent
LogPluginManager: Mounting plugin AlembicImporter
LogPluginManager: Mounting plugin AutomationUtils
LogPluginManager: Mounting plugin BackChannel
LogPluginManager: Mounting plugin ChaosCloth
LogPluginManager: Mounting plugin ChaosClothEditor
LogPluginManager: Mounting plugin ChaosEditor
LogPluginManager: Mounting plugin ChaosNiagara
LogPluginManager: Mounting plugin ChaosSolverPlugin
LogPluginManager: Mounting plugin CharacterAI
LogPluginManager: Mounting plugin GeometryCache
LogPluginManager: Mounting plugin GeometryCollectionPlugin
LogPluginManager: Mounting plugin GeometryProcessing
LogPluginManager: Mounting plugin PlanarCut
LogPluginManager: Mounting plugin PlatformCrypto
LogPluginManager: Mounting plugin ProxyLODPlugin
LogPluginManager: Mounting plugin SkeletalReduction
LogPluginManager: Mounting plugin Niagara
LogPluginManager: Mounting plugin MagicLeap
LogPluginManager: Mounting plugin MagicLeapLightEstimation
LogPluginManager: Mounting plugin MagicLeapMedia
LogPluginManager: Mounting plugin MagicLeapPassableWorld
LogPluginManager: Mounting plugin MLSDK
LogPluginManager: Mounting plugin AndroidMedia
LogPluginManager: Mounting plugin AvfMedia
LogPluginManager: Mounting plugin ImgMedia
LogPluginManager: Mounting plugin MediaCompositing
LogPluginManager: Mounting plugin MediaPlayerEditor
LogPluginManager: Mounting plugin WebMMedia
LogPluginManager: Mounting plugin WmfMedia
LogPluginManager: Mounting plugin MeshPainting
LogPluginManager: Mounting plugin TcpMessaging
LogPluginManager: Mounting plugin UdpMessaging
LogPluginManager: Mounting plugin ActorSequence
LogPluginManager: Mounting plugin LevelSequenceEditor
LogPluginManager: Mounting plugin MatineeToLevelSequence
LogPluginManager: Mounting plugin MovieRenderPipeline
LogPluginManager: Mounting plugin TemplateSequence
LogPluginManager: Mounting plugin NetcodeUnitTest
LogPluginManager: Mounting plugin NUTUnrealEngine4
LogPluginManager: Mounting plugin OnlineSubsystemGooglePlay
LogPluginManager: Mounting plugin OnlineSubsystemIOS
LogPluginManager: Mounting plugin OnlineSubsystem
LogPluginManager: Mounting plugin OnlineSubsystemNull
LogPluginManager: Mounting plugin OnlineSubsystemUtils
LogPluginManager: Mounting plugin LauncherChunkInstaller
LogPluginManager: Mounting plugin AndroidDeviceProfileSelector
LogPluginManager: Mounting plugin AndroidMoviePlayer
LogPluginManager: Mounting plugin AndroidPermission
LogPluginManager: Mounting plugin AppleImageUtils
LogPluginManager: Mounting plugin AppleMoviePlayer
LogPluginManager: Mounting plugin ArchVisCharacter
LogPluginManager: Mounting plugin AssetTags
LogPluginManager: Mounting plugin AudioCapture
LogPluginManager: Mounting plugin CableComponent
LogPluginManager: Mounting plugin CustomMeshComponent
LogPluginManager: Mounting plugin EditableMesh
LogPluginManager: Mounting plugin ExampleDeviceProfileSelector
LogPluginManager: Mounting plugin GoogleCloudMessaging
LogPluginManager: Mounting plugin GooglePAD
LogPluginManager: Mounting plugin IOSDeviceProfileSelector
LogPluginManager: Mounting plugin LinuxDeviceProfileSelector
LogPluginManager: Mounting plugin LocationServicesBPLibrary
LogPluginManager: Mounting plugin MobilePatchingUtils
LogPluginManager: Mounting plugin OculusVR
LogPluginManager: Mounting plugin PhysXVehicles
LogPluginManager: Mounting plugin PostSplashScreen
LogPluginManager: Mounting plugin ProceduralMeshComponent
LogPluginManager: Mounting plugin RuntimePhysXCooking
LogPluginManager: Mounting plugin SignificanceManager
LogPluginManager: Mounting plugin SoundFields
LogPluginManager: Mounting plugin SteamVR
LogPluginManager: Mounting plugin Synthesis
LogPluginManager: Mounting plugin WebMMoviePlayer
LogPluginManager: Mounting plugin WindowsMoviePlayer
LogPluginManager: Mounting plugin ScreenshotTools
LogInit: Using libcurl 7.55.1-DEV
LogInit:  - built for x86_64-pc-win32
LogInit:  - supports SSL with OpenSSL/1.1.1
LogInit:  - supports HTTP deflate (compression) using libz 1.2.8
LogInit:  - other features:
LogInit:      CURL_VERSION_SSL
LogInit:      CURL_VERSION_LIBZ
LogInit:      CURL_VERSION_IPV6
LogInit:      CURL_VERSION_ASYNCHDNS
LogInit:      CURL_VERSION_LARGEFILE
LogInit:      CURL_VERSION_IDN
LogInit:  CurlRequestOptions (configurable via config and command line):
LogInit:  - bVerifyPeer = true  - Libcurl will verify peer certificate
LogInit:  - bUseHttpProxy = false  - Libcurl will NOT use HTTP proxy
LogInit:  - bDontReuseConnections = false  - Libcurl will reuse connections
LogInit:  - MaxHostConnections = 16  - Libcurl will limit the number of connections to a host
LogInit:  - LocalHostAddr = Default
LogInit:  - BufferSize = 65536
LogOnline: OSS: Creating online subsystem instance for: NULL
LogInit: WinSock: version 1.1 (2.2), MaxSocks=32767, MaxUdp=65467
LogOnline: OSS: TryLoadSubsystemAndSetDefault: Loaded subsystem for module [NULL]
LogInit: Build: ++UE4+Release-4.25-CL-13942748
LogInit: Engine Version: 4.25.3-13942748+++UE4+Release-4.25
LogInit: Compatible Engine Version: 4.25.0-13144385+++UE4+Release-4.25
LogInit: Net CL: 13144385
LogInit: OS: Windows 10 (Release 2004) (), CPU: Intel(R) Core(TM) i7-6500U CPU @ 2.50GHz, GPU: Intel(R) HD Graphics 520
LogInit: Compiled (64-bit): Jul 25 2020 02:07:48
LogInit: Compiled with Visual C++: 19.24.28315.00
LogInit: Build Configuration: Development
LogInit: Branch Name: ++UE4+Release-4.25
LogInit: Command Line: 
LogInit: Base Directory: D:/Epic_Games/UE_4.25/Engine/Binaries/Win64/
LogInit: Allocator: TBB
LogInit: Installed Engine Build: 1
LogDevObjectVersion: Number of dev versions registered: 26
LogDevObjectVersion:   Dev-Blueprints (B0D832E4-1F89-4F0D-ACCF-7EB736FD4AA2): 10
LogDevObjectVersion:   Dev-Build (E1C64328-A22C-4D53-A36C-8E866417BD8C): 0
LogDevObjectVersion:   Dev-Core (375EC13C-06E4-48FB-B500-84F0262A717E): 4
LogDevObjectVersion:   Dev-Editor (E4B068ED-F494-42E9-A231-DA0B2E46BB41): 38
LogDevObjectVersion:   Dev-Framework (CFFC743F-43B0-4480-9391-14DF171D2073): 37
LogDevObjectVersion:   Dev-Mobile (B02B49B5-BB20-44E9-A304-32B752E40360): 2
LogDevObjectVersion:   Dev-Networking (A4E4105C-59A1-49B5-A7C5-40C4547EDFEE): 0
LogDevObjectVersion:   Dev-Online (39C831C9-5AE6-47DC-9A44-9C173E1C8E7C): 0
LogDevObjectVersion:   Dev-Physics (78F01B33-EBEA-4F98-B9B4-84EACCB95AA2): 4
LogDevObjectVersion:   Dev-Platform (6631380F-2D4D-43E0-8009-CF276956A95A): 0
LogDevObjectVersion:   Dev-Rendering (12F88B9F-8875-4AFC-A67C-D90C383ABD29): 43
LogDevObjectVersion:   Dev-Sequencer (7B5AE74C-D270-4C10-A958-57980B212A5A): 12
LogDevObjectVersion:   Dev-VR (D7296918-1DD6-4BDD-9DE2-64A83CC13884): 3
LogDevObjectVersion:   Dev-LoadTimes (C2A15278-BFE7-4AFE-6C17-90FF531DF755): 1
LogDevObjectVersion:   Private-Geometry (6EACA3D4-40EC-4CC1-B786-8BED09428FC5): 3
LogDevObjectVersion:   Dev-AnimPhys (29E575DD-E0A3-4627-9D10-D276232CDCEA): 17
LogDevObjectVersion:   Dev-Anim (AF43A65D-7FD3-4947-9873-3E8ED9C1BB05): 7
LogDevObjectVersion:   Dev-ReflectionCapture (6B266CEC-1EC7-4B8F-A30B-E4D90942FC07): 1
LogDevObjectVersion:   Dev-Automation (0DF73D61-A23F-47EA-B727-89E90C41499A): 1
LogDevObjectVersion:   FortniteMain (601D1886-AC64-4F84-AA16-D3DE0DEAC7D6): 31
LogDevObjectVersion:   Dev-Enterprise (9DFFBCD6-494F-0158-E221-12823C92A888): 10
LogDevObjectVersion:   Dev-Niagara (F2AED0AC-9AFE-416F-8664-AA7FFA26D6FC): 1
LogDevObjectVersion:   Dev-Destruction (174F1F0B-B4C6-45A5-B13F-2EE8D0FB917D): 10
LogDevObjectVersion:   Dev-Physics-Ext (35F94A83-E258-406C-A318-09F59610247C): 37
LogDevObjectVersion:   Dev-PhysicsMaterial-Chaos (B68FC16E-8B1B-42E2-B453-215C058844FE): 1
LogDevObjectVersion:   Dev-CineCamera (B2E18506-4273-CFC2-A54E-F4BB758BBA07): 1
LogInit: Presizing for max 25165824 objects, including 0 objects not considered by GC, pre-allocating 0 bytes for permanent pool.
LogConfig: Applying CVar settings from Section [/Script/Engine.StreamingSettings] File [D:/Epic_Games/Detective Office/DetectiveOffice/Saved/Config/Windows/Engine.ini]
LogConfig: Setting CVar [[s.MinBulkDataSizeForAsyncLoading:131072]]
LogConfig: Setting CVar [[s.AsyncLoadingThreadEnabled:0]]
LogConfig: Setting CVar [[s.EventDrivenLoaderEnabled:1]]
LogConfig: Setting CVar [[s.WarnIfTimeLimitExceeded:0]]
LogConfig: Setting CVar [[s.TimeLimitExceededMultiplier:1.5]]
LogConfig: Setting CVar [[s.TimeLimitExceededMinTime:0.005]]
LogConfig: Setting CVar [[s.UseBackgroundLevelStreaming:1]]
LogConfig: Setting CVar [[s.PriorityAsyncLoadingExtraTime:15.0]]
LogConfig: Setting CVar [[s.LevelStreamingActorsUpdateTimeLimit:5.0]]
LogConfig: Setting CVar [[s.PriorityLevelStreamingActorsUpdateExtraTime:5.0]]
LogConfig: Setting CVar [[s.LevelStreamingComponentsRegistrationGranularity:10]]
LogConfig: Setting CVar [[s.UnregisterComponentsTimeLimit:1.0]]
LogConfig: Setting CVar [[s.LevelStreamingComponentsUnregistrationGranularity:5]]
LogConfig: Setting CVar [[s.FlushStreamingOnExit:1]]
LogInit: Object subsystem initialized
LogConfig: Setting CVar [[con.DebugEarlyDefault:1]]
LogConfig: Setting CVar [[r.setres:1280x720]]
[2020.08.21-14.41.52:361][  0]LogConfig: Setting CVar [[r.VSync:0]]
[2020.08.21-14.41.52:361][  0]LogConfig: Setting CVar [[r.RHICmdBypass:0]]
[2020.08.21-14.41.52:361][  0]LogConfig: Applying CVar settings from Section [/Script/Engine.RendererSettings] File [D:/Epic_Games/Detective Office/DetectiveOffice/Saved/Config/Windows/Engine.ini]
[2020.08.21-14.41.52:361][  0]LogConfig: Setting CVar [[r.GPUCrashDebugging:0]]
[2020.08.21-14.41.52:361][  0]LogConfig: Applying CVar settings from Section [/Script/Engine.RendererOverrideSettings] File [D:/Epic_Games/Detective Office/DetectiveOffice/Saved/Config/Windows/Engine.ini]
[2020.08.21-14.41.52:361][  0]LogConfig: Applying CVar settings from Section [/Script/Engine.StreamingSettings] File [D:/Epic_Games/Detective Office/DetectiveOffice/Saved/Config/Windows/Engine.ini]
[2020.08.21-14.41.52:361][  0]LogConfig: Setting CVar [[s.MinBulkDataSizeForAsyncLoading:131072]]
[2020.08.21-14.41.52:361][  0]LogConfig: Setting CVar [[s.AsyncLoadingThreadEnabled:0]]
[2020.08.21-14.41.52:361][  0]LogConfig: Setting CVar [[s.EventDrivenLoaderEnabled:1]]
[2020.08.21-14.41.52:361][  0]LogConfig: Setting CVar [[s.WarnIfTimeLimitExceeded:0]]
[2020.08.21-14.41.52:361][  0]LogConfig: Setting CVar [[s.TimeLimitExceededMultiplier:1.5]]
[2020.08.21-14.41.52:361][  0]LogConfig: Setting CVar [[s.TimeLimitExceededMinTime:0.005]]
[2020.08.21-14.41.52:361][  0]LogConfig: Setting CVar [[s.UseBackgroundLevelStreaming:1]]
[2020.08.21-14.41.52:361][  0]LogConfig: Setting CVar [[s.PriorityAsyncLoadingExtraTime:15.0]]
[2020.08.21-14.41.52:361][  0]LogConfig: Setting CVar [[s.LevelStreamingActorsUpdateTimeLimit:5.0]]
[2020.08.21-14.41.52:361][  0]LogConfig: Setting CVar [[s.PriorityLevelStreamingActorsUpdateExtraTime:5.0]]
[2020.08.21-14.41.52:361][  0]LogConfig: Setting CVar [[s.LevelStreamingComponentsRegistrationGranularity:10]]
[2020.08.21-14.41.52:361][  0]LogConfig: Setting CVar [[s.UnregisterComponentsTimeLimit:1.0]]
[2020.08.21-14.41.52:361][  0]LogConfig: Setting CVar [[s.LevelStreamingComponentsUnregistrationGranularity:5]]
[2020.08.21-14.41.52:361][  0]LogConfig: Setting CVar [[s.FlushStreamingOnExit:1]]
[2020.08.21-14.41.52:361][  0]LogConfig: Applying CVar settings from Section [/Script/Engine.GarbageCollectionSettings] File [D:/Epic_Games/Detective Office/DetectiveOffice/Saved/Config/Windows/Engine.ini]
[2020.08.21-14.41.52:361][  0]LogConfig: Setting CVar [[gc.MaxObjectsNotConsideredByGC:1]]
[2020.08.21-14.41.52:361][  0]LogConfig: Setting CVar [[gc.SizeOfPermanentObjectPool:0]]
[2020.08.21-14.41.52:361][  0]LogConfig: Setting CVar [[gc.FlushStreamingOnGC:0]]
[2020.08.21-14.41.52:361][  0]LogConfig: Setting CVar [[gc.NumRetriesBeforeForcingGC:10]]
[2020.08.21-14.41.52:361][  0]LogConfig: Setting CVar [[gc.AllowParallelGC:1]]
[2020.08.21-14.41.52:361][  0]LogConfig: Setting CVar [[gc.TimeBetweenPurgingPendingKillObjects:61.1]]
[2020.08.21-14.41.52:361][  0]LogConfig: Setting CVar [[gc.MaxObjectsInEditor:25165824]]
[2020.08.21-14.41.52:361][  0]LogConfig: Setting CVar [[gc.IncrementalBeginDestroyEnabled:1]]
[2020.08.21-14.41.52:361][  0]LogConfig: Setting CVar [[gc.CreateGCClusters:1]]
[2020.08.21-14.41.52:361][  0]LogConfig: Setting CVar [[gc.MinGCClusterSize:5]]
[2020.08.21-14.41.52:361][  0]LogConfig: Setting CVar [[gc.ActorClusteringEnabled:0]]
[2020.08.21-14.41.52:361][  0]LogConfig: Setting CVar [[gc.BlueprintClusteringEnabled:0]]
[2020.08.21-14.41.52:362][  0]LogConfig: Setting CVar [[gc.UseDisregardForGCOnDedicatedServers:0]]
[2020.08.21-14.41.52:362][  0]LogConfig: Applying CVar settings from Section [/Script/Engine.NetworkSettings] File [D:/Epic_Games/Detective Office/DetectiveOffice/Saved/Config/Windows/Engine.ini]
[2020.08.21-14.41.52:362][  0]LogConfig: Applying CVar settings from Section [/Script/UnrealEd.CookerSettings] File [D:/Epic_Games/Detective Office/DetectiveOffice/Saved/Config/Windows/Engine.ini]
[2020.08.21-14.41.52:365][  0]LogConfig: Applying CVar settings from Section [ViewDistanceQuality@3] File [D:/Epic_Games/Detective Office/DetectiveOffice/Saved/Config/Windows/Scalability.ini]
[2020.08.21-14.41.52:365][  0]LogConfig: Setting CVar [[r.SkeletalMeshLODBias:0]]
[2020.08.21-14.41.52:365][  0]LogConfig: Setting CVar [[r.ViewDistanceScale:1.0]]
[2020.08.21-14.41.52:365][  0]LogConfig: Applying CVar settings from Section [AntiAliasingQuality@3] File [D:/Epic_Games/Detective Office/DetectiveOffice/Saved/Config/Windows/Scalability.ini]
[2020.08.21-14.41.52:365][  0]LogConfig: Setting CVar [[r.PostProcessAAQuality:4]]
[2020.08.21-14.41.52:365][  0]LogConfig: Applying CVar settings from Section [ShadowQuality@3] File [D:/Epic_Games/Detective Office/DetectiveOffice/Saved/Config/Windows/Scalability.ini]
[2020.08.21-14.41.52:365][  0]LogConfig: Setting CVar [[r.LightFunctionQuality:1]]
[2020.08.21-14.41.52:365][  0]LogConfig: Setting CVar [[r.ShadowQuality:5]]
[2020.08.21-14.41.52:365][  0]LogConfig: Setting CVar [[r.Shadow.CSM.MaxCascades:10]]
[2020.08.21-14.41.52:365][  0]LogConfig: Setting CVar [[r.Shadow.MaxResolution:2048]]
[2020.08.21-14.41.52:365][  0]LogConfig: Setting CVar [[r.Shadow.MaxCSMResolution:2048]]
[2020.08.21-14.41.52:365][  0]LogConfig: Setting CVar [[r.Shadow.RadiusThreshold:0.01]]
[2020.08.21-14.41.52:365][  0]LogConfig: Setting CVar [[r.Shadow.DistanceScale:1.0]]
[2020.08.21-14.41.52:365][  0]LogConfig: Setting CVar [[r.Shadow.CSM.TransitionScale:1.0]]
[2020.08.21-14.41.52:366][  0]LogConfig: Setting CVar [[r.Shadow.PreShadowResolutionFactor:1.0]]
[2020.08.21-14.41.52:366][  0]LogConfig: Setting CVar [[r.DistanceFieldShadowing:1]]
[2020.08.21-14.41.52:366][  0]LogConfig: Setting CVar [[r.DistanceFieldAO:1]]
[2020.08.21-14.41.52:366][  0]LogConfig: Setting CVar [[r.AOQuality:2]]
[2020.08.21-14.41.52:366][  0]LogConfig: Setting CVar [[r.VolumetricFog:1]]
[2020.08.21-14.41.52:366][  0]LogConfig: Setting CVar [[r.VolumetricFog.GridPixelSize:8]]
[2020.08.21-14.41.52:366][  0]LogConfig: Setting CVar [[r.VolumetricFog.GridSizeZ:128]]
[2020.08.21-14.41.52:366][  0]LogConfig: Setting CVar [[r.VolumetricFog.HistoryMissSupersampleCount:4]]
[2020.08.21-14.41.52:366][  0]LogConfig: Setting CVar [[r.LightMaxDrawDistanceScale:1]]
[2020.08.21-14.41.52:366][  0]LogConfig: Setting CVar [[r.CapsuleShadows:1]]
[2020.08.21-14.41.52:366][  0]LogConfig: Applying CVar settings from Section [PostProcessQuality@3] File [D:/Epic_Games/Detective Office/DetectiveOffice/Saved/Config/Windows/Scalability.ini]
[2020.08.21-14.41.52:366][  0]LogConfig: Setting CVar [[r.MotionBlurQuality:4]]
[2020.08.21-14.41.52:366][  0]LogConfig: Setting CVar [[r.AmbientOcclusionMipLevelFactor:0.4]]
[2020.08.21-14.41.52:366][  0]LogConfig: Setting CVar [[r.AmbientOcclusionMaxQuality:100]]
[2020.08.21-14.41.52:366][  0]LogConfig: Setting CVar [[r.AmbientOcclusionLevels:-1]]
[2020.08.21-14.41.52:366][  0]LogConfig: Setting CVar [[r.AmbientOcclusionRadiusScale:1.0]]
[2020.08.21-14.41.52:366][  0]LogConfig: Setting CVar [[r.DepthOfFieldQuality:2]]
[2020.08.21-14.41.52:366][  0]LogConfig: Setting CVar [[r.RenderTargetPoolMin:400]]
[2020.08.21-14.41.52:366][  0]LogConfig: Setting CVar [[r.LensFlareQuality:2]]
[2020.08.21-14.41.52:366][  0]LogConfig: Setting CVar [[r.SceneColorFringeQuality:1]]
[2020.08.21-14.41.52:366][  0]LogConfig: Setting CVar [[r.EyeAdaptationQuality:2]]
[2020.08.21-14.41.52:366][  0]LogConfig: Setting CVar [[r.BloomQuality:5]]
[2020.08.21-14.41.52:366][  0]LogConfig: Setting CVar [[r.FastBlurThreshold:100]]
[2020.08.21-14.41.52:366][  0]LogConfig: Setting CVar [[r.Upscale.Quality:3]]
[2020.08.21-14.41.52:366][  0]LogConfig: Setting CVar [[r.Tonemapper.GrainQuantization:1]]
[2020.08.21-14.41.52:366][  0]LogConfig: Setting CVar [[r.LightShaftQuality:1]]
[2020.08.21-14.41.52:366][  0]LogConfig: Setting CVar [[r.Filter.SizeScale:1]]
[2020.08.21-14.41.52:366][  0]LogConfig: Setting CVar [[r.Tonemapper.Quality:5]]
[2020.08.21-14.41.52:366][  0]LogConfig: Setting CVar [[r.DOF.Gather.AccumulatorQuality:1        ; higher gathering accumulator quality]]
[2020.08.21-14.41.52:366][  0]LogConfig: Setting CVar [[r.DOF.Gather.PostfilterMethod:1          ; Median3x3 postfilering method]]
[2020.08.21-14.41.52:366][  0]LogConfig: Setting CVar [[r.DOF.Gather.EnableBokehSettings:0       ; no bokeh simulation when gathering]]
[2020.08.21-14.41.52:366][  0]LogConfig: Setting CVar [[r.DOF.Gather.RingCount:4                 ; medium number of samples when gathering]]
[2020.08.21-14.41.52:366][  0]LogConfig: Setting CVar [[r.DOF.Scatter.ForegroundCompositing:1    ; additive foreground scattering]]
[2020.08.21-14.41.52:366][  0]LogConfig: Setting CVar [[r.DOF.Scatter.BackgroundCompositing:2    ; additive background scattering]]
[2020.08.21-14.41.52:366][  0]LogConfig: Setting CVar [[r.DOF.Scatter.EnableBokehSettings:1      ; bokeh simulation when scattering]]
[2020.08.21-14.41.52:366][  0]LogConfig: Setting CVar [[r.DOF.Scatter.MaxSpriteRatio:0.1         ; only a maximum of 10% of scattered bokeh]]
[2020.08.21-14.41.52:366][  0]LogConfig: Setting CVar [[r.DOF.Recombine.Quality:1                ; cheap slight out of focus]]
[2020.08.21-14.41.52:366][  0]LogConfig: Setting CVar [[r.DOF.Recombine.EnableBokehSettings:0    ; no bokeh simulation on slight out of focus]]
[2020.08.21-14.41.52:366][  0]LogConfig: Setting CVar [[r.DOF.TemporalAAQuality:1                ; more stable temporal accumulation]]
[2020.08.21-14.41.52:366][  0]LogConfig: Setting CVar [[r.DOF.Kernel.MaxForegroundRadius:0.025]]
[2020.08.21-14.41.52:366][  0]LogConfig: Setting CVar [[r.DOF.Kernel.MaxBackgroundRadius:0.025]]
[2020.08.21-14.41.52:366][  0]LogConfig: Applying CVar settings from Section [TextureQuality@3] File [D:/Epic_Games/Detective Office/DetectiveOffice/Saved/Config/Windows/Scalability.ini]
[2020.08.21-14.41.52:366][  0]LogConfig: Setting CVar [[r.Streaming.MipBias:0]]
[2020.08.21-14.41.52:366][  0]LogConfig: Setting CVar [[r.Streaming.AmortizeCPUToGPUCopy:0]]
[2020.08.21-14.41.52:366][  0]LogConfig: Setting CVar [[r.Streaming.MaxNumTexturesToStreamPerFrame:0]]
[2020.08.21-14.41.52:366][  0]LogConfig: Setting CVar [[r.Streaming.Boost:1]]
[2020.08.21-14.41.52:366][  0]LogConfig: Setting CVar [[r.MaxAnisotropy:8]]
[2020.08.21-14.41.52:366][  0]LogConfig: Setting CVar [[r.VT.MaxAnisotropy:8]]
[2020.08.21-14.41.52:366][  0]LogConfig: Setting CVar [[r.Streaming.LimitPoolSizeToVRAM:0]]
[2020.08.21-14.41.52:366][  0]LogConfig: Setting CVar [[r.Streaming.PoolSize:1000]]
[2020.08.21-14.41.52:366][  0]LogConfig: Setting CVar [[r.Streaming.MaxEffectiveScreenSize:0]]
[2020.08.21-14.41.52:366][  0]LogConfig: Applying CVar settings from Section [EffectsQuality@3] File [D:/Epic_Games/Detective Office/DetectiveOffice/Saved/Config/Windows/Scalability.ini]
[2020.08.21-14.41.52:366][  0]LogConfig: Setting CVar [[r.TranslucencyLightingVolumeDim:64]]
[2020.08.21-14.41.52:367][  0]LogConfig: Setting CVar [[r.RefractionQuality:2]]
[2020.08.21-14.41.52:367][  0]LogConfig: Setting CVar [[r.SSR.Quality:3]]
[2020.08.21-14.41.52:367][  0]LogConfig: Setting CVar [[r.SSR.HalfResSceneColor:0]]
[2020.08.21-14.41.52:367][  0]LogConfig: Setting CVar [[r.SceneColorFormat:4]]
[2020.08.21-14.41.52:367][  0]LogConfig: Setting CVar [[r.DetailMode:2]]
[2020.08.21-14.41.52:367][  0]LogConfig: Setting CVar [[r.TranslucencyVolumeBlur:1]]
[2020.08.21-14.41.52:367][  0]LogConfig: Setting CVar [[r.MaterialQualityLevel:1 ; High quality]]
[2020.08.21-14.41.52:367][  0]LogConfig: Setting CVar [[r.SSS.Scale:1]]
[2020.08.21-14.41.52:367][  0]LogConfig: Setting CVar [[r.SSS.SampleSet:2]]
[2020.08.21-14.41.52:367][  0]LogConfig: Setting CVar [[r.SSS.Quality:1]]
[2020.08.21-14.41.52:367][  0]LogConfig: Setting CVar [[r.SSS.HalfRes:0]]
[2020.08.21-14.41.52:367][  0]LogConfig: Setting CVar [[r.SSGI.Quality:3]]
[2020.08.21-14.41.52:367][  0]LogConfig: Setting CVar [[r.EmitterSpawnRateScale:1.0]]
[2020.08.21-14.41.52:367][  0]LogConfig: Setting CVar [[r.ParticleLightQuality:2]]
[2020.08.21-14.41.52:367][  0]LogConfig: Setting CVar [[r.SkyAtmosphere.AerialPerspectiveLUT.FastApplyOnOpaque:1 ; Always have FastSkyLUT 1 in this case to avoid wrong sky]]
[2020.08.21-14.41.52:367][  0]LogConfig: Setting CVar [[r.SkyAtmosphere.AerialPerspectiveLUT.SampleCountPerSlice:1]]
[2020.08.21-14.41.52:367][  0]LogConfig: Setting CVar [[r.SkyAtmosphere.AerialPerspectiveLUT.DepthResolution:16.0]]
[2020.08.21-14.41.52:367][  0]LogConfig: Setting CVar [[r.SkyAtmosphere.FastSkyLUT:1]]
[2020.08.21-14.41.52:367][  0]LogConfig: Setting CVar [[r.SkyAtmosphere.FastSkyLUT.SampleCountMin:4.0]]
[2020.08.21-14.41.52:367][  0]LogConfig: Setting CVar [[r.SkyAtmosphere.FastSkyLUT.SampleCountMax:32.0]]
[2020.08.21-14.41.52:367][  0]LogConfig: Setting CVar [[r.SkyAtmosphere.SampleCountMin:4.0]]
[2020.08.21-14.41.52:367][  0]LogConfig: Setting CVar [[r.SkyAtmosphere.SampleCountMax:32.0]]
[2020.08.21-14.41.52:367][  0]LogConfig: Setting CVar [[r.SkyAtmosphere.TransmittanceLUT.UseSmallFormat:0]]
[2020.08.21-14.41.52:367][  0]LogConfig: Setting CVar [[r.SkyAtmosphere.TransmittanceLUT.SampleCount:10.0]]
[2020.08.21-14.41.52:367][  0]LogConfig: Setting CVar [[r.SkyAtmosphere.MultiScatteringLUT.SampleCount:15.0]]
[2020.08.21-14.41.52:367][  0]LogConfig: Applying CVar settings from Section [FoliageQuality@3] File [D:/Epic_Games/Detective Office/DetectiveOffice/Saved/Config/Windows/Scalability.ini]
[2020.08.21-14.41.52:367][  0]LogConfig: Setting CVar [[foliage.DensityScale:1.0]]
[2020.08.21-14.41.52:367][  0]LogConfig: Setting CVar [[grass.DensityScale:1.0]]
[2020.08.21-14.41.52:367][  0]LogConfig: Applying CVar settings from Section [ShadingQuality@3] File [D:/Epic_Games/Detective Office/DetectiveOffice/Saved/Config/Windows/Scalability.ini]
[2020.08.21-14.41.52:367][  0]LogConfig: Setting CVar [[r.HairStrands.SkyLighting.SampleCount:16]]
[2020.08.21-14.41.52:367][  0]LogConfig: Setting CVar [[r.HairStrands.SkyLighting.JitterIntegration:0]]
[2020.08.21-14.41.52:367][  0]LogConfig: Setting CVar [[r.HairStrands.SkyAO.SampleCount:16]]
[2020.08.21-14.41.52:367][  0]LogConfig: Setting CVar [[r.HairStrands.DeepShadow.SuperSampling:0]]
[2020.08.21-14.41.52:367][  0]LogConfig: Setting CVar [[r.HairStrands.VisibilityPPLL:0]]
[2020.08.21-14.41.52:367][  0]LogConfig: Setting CVar [[r.HairStrands.RasterizationScale:0.5]]
[2020.08.21-14.41.52:367][  0]LogConfig: Setting CVar [[r.HairStrands.VelocityRasterizationScale:1]]
[2020.08.21-14.41.52:368][  0]LogInit: Selected Device Profile: [Windows]
[2020.08.21-14.41.52:368][  0]LogInit: Applying CVar settings loaded from the selected device profile: [Windows]
[2020.08.21-14.41.52:368][  0]LogHAL: Display: Platform has ~ 8 GB [8450043904 / 8589934592 / 8], which maps to Default [LargestMinGB=32, LargerMinGB=12, DefaultMinGB=8, SmallerMinGB=6, SmallestMinGB=0)
[2020.08.21-14.41.52:368][  0]LogInit: Going up to parent DeviceProfile []
[2020.08.21-14.41.52:368][  0]LogConfig: Applying CVar settings from Section [ViewDistanceQuality@3] File [D:/Epic_Games/Detective Office/DetectiveOffice/Saved/Config/Windows/Scalability.ini]
[2020.08.21-14.41.52:368][  0]LogConfig: Setting CVar [[r.SkeletalMeshLODBias:0]]
[2020.08.21-14.41.52:368][  0]LogConfig: Setting CVar [[r.ViewDistanceScale:1.0]]
[2020.08.21-14.41.52:368][  0]LogConfig: Applying CVar settings from Section [AntiAliasingQuality@3] File [D:/Epic_Games/Detective Office/DetectiveOffice/Saved/Config/Windows/Scalability.ini]
[2020.08.21-14.41.52:368][  0]LogConfig: Setting CVar [[r.PostProcessAAQuality:4]]
[2020.08.21-14.41.52:368][  0]LogConfig: Applying CVar settings from Section [ShadowQuality@3] File [D:/Epic_Games/Detective Office/DetectiveOffice/Saved/Config/Windows/Scalability.ini]
[2020.08.21-14.41.52:368][  0]LogConfig: Setting CVar [[r.LightFunctionQuality:1]]
[2020.08.21-14.41.52:368][  0]LogConfig: Setting CVar [[r.ShadowQuality:5]]
[2020.08.21-14.41.52:368][  0]LogConfig: Setting CVar [[r.Shadow.CSM.MaxCascades:10]]
[2020.08.21-14.41.52:368][  0]LogConfig: Setting CVar [[r.Shadow.MaxResolution:2048]]
[2020.08.21-14.41.52:368][  0]LogConfig: Setting CVar [[r.Shadow.MaxCSMResolution:2048]]
[2020.08.21-14.41.52:368][  0]LogConfig: Setting CVar [[r.Shadow.RadiusThreshold:0.01]]
[2020.08.21-14.41.52:368][  0]LogConfig: Setting CVar [[r.Shadow.DistanceScale:1.0]]
[2020.08.21-14.41.52:368][  0]LogConfig: Setting CVar [[r.Shadow.CSM.TransitionScale:1.0]]
[2020.08.21-14.41.52:368][  0]LogConfig: Setting CVar [[r.Shadow.PreShadowResolutionFactor:1.0]]
[2020.08.21-14.41.52:368][  0]LogConfig: Setting CVar [[r.DistanceFieldShadowing:1]]
[2020.08.21-14.41.52:368][  0]LogConfig: Setting CVar [[r.DistanceFieldAO:1]]
[2020.08.21-14.41.52:368][  0]LogConfig: Setting CVar [[r.AOQuality:2]]
[2020.08.21-14.41.52:368][  0]LogConfig: Setting CVar [[r.VolumetricFog:1]]
[2020.08.21-14.41.52:368][  0]LogConfig: Setting CVar [[r.VolumetricFog.GridPixelSize:8]]
[2020.08.21-14.41.52:368][  0]LogConfig: Setting CVar [[r.VolumetricFog.GridSizeZ:128]]
[2020.08.21-14.41.52:368][  0]LogConfig: Setting CVar [[r.VolumetricFog.HistoryMissSupersampleCount:4]]
[2020.08.21-14.41.52:368][  0]LogConfig: Setting CVar [[r.LightMaxDrawDistanceScale:1]]
[2020.08.21-14.41.52:368][  0]LogConfig: Setting CVar [[r.CapsuleShadows:1]]
[2020.08.21-14.41.52:368][  0]LogConfig: Applying CVar settings from Section [PostProcessQuality@3] File [D:/Epic_Games/Detective Office/DetectiveOffice/Saved/Config/Windows/Scalability.ini]
[2020.08.21-14.41.52:368][  0]LogConfig: Setting CVar [[r.MotionBlurQuality:4]]
[2020.08.21-14.41.52:368][  0]LogConfig: Setting CVar [[r.AmbientOcclusionMipLevelFactor:0.4]]
[2020.08.21-14.41.52:368][  0]LogConfig: Setting CVar [[r.AmbientOcclusionMaxQuality:100]]
[2020.08.21-14.41.52:368][  0]LogConfig: Setting CVar [[r.AmbientOcclusionLevels:-1]]
[2020.08.21-14.41.52:368][  0]LogConfig: Setting CVar [[r.AmbientOcclusionRadiusScale:1.0]]
[2020.08.21-14.41.52:368][  0]LogConfig: Setting CVar [[r.DepthOfFieldQuality:2]]
[2020.08.21-14.41.52:368][  0]LogConfig: Setting CVar [[r.RenderTargetPoolMin:400]]
[2020.08.21-14.41.52:368][  0]LogConfig: Setting CVar [[r.LensFlareQuality:2]]
[2020.08.21-14.41.52:368][  0]LogConfig: Setting CVar [[r.SceneColorFringeQuality:1]]
[2020.08.21-14.41.52:368][  0]LogConfig: Setting CVar [[r.EyeAdaptationQuality:2]]
[2020.08.21-14.41.52:368][  0]LogConfig: Setting CVar [[r.BloomQuality:5]]
[2020.08.21-14.41.52:368][  0]LogConfig: Setting CVar [[r.FastBlurThreshold:100]]
[2020.08.21-14.41.52:368][  0]LogConfig: Setting CVar [[r.Upscale.Quality:3]]
[2020.08.21-14.41.52:368][  0]LogConfig: Setting CVar [[r.Tonemapper.GrainQuantization:1]]
[2020.08.21-14.41.52:368][  0]LogConfig: Setting CVar [[r.LightShaftQuality:1]]
[2020.08.21-14.41.52:368][  0]LogConfig: Setting CVar [[r.Filter.SizeScale:1]]
[2020.08.21-14.41.52:368][  0]LogConfig: Setting CVar [[r.Tonemapper.Quality:5]]
[2020.08.21-14.41.52:368][  0]LogConfig: Setting CVar [[r.DOF.Gather.AccumulatorQuality:1        ; higher gathering accumulator quality]]
[2020.08.21-14.41.52:368][  0]LogConfig: Setting CVar [[r.DOF.Gather.PostfilterMethod:1          ; Median3x3 postfilering method]]
[2020.08.21-14.41.52:368][  0]LogConfig: Setting CVar [[r.DOF.Gather.EnableBokehSettings:0       ; no bokeh simulation when gathering]]
[2020.08.21-14.41.52:368][  0]LogConfig: Setting CVar [[r.DOF.Gather.RingCount:4                 ; medium number of samples when gathering]]
[2020.08.21-14.41.52:368][  0]LogConfig: Setting CVar [[r.DOF.Scatter.ForegroundCompositing:1    ; additive foreground scattering]]
[2020.08.21-14.41.52:368][  0]LogConfig: Setting CVar [[r.DOF.Scatter.BackgroundCompositing:2    ; additive background scattering]]
[2020.08.21-14.41.52:368][  0]LogConfig: Setting CVar [[r.DOF.Scatter.EnableBokehSettings:1      ; bokeh simulation when scattering]]
[2020.08.21-14.41.52:369][  0]LogConfig: Setting CVar [[r.DOF.Scatter.MaxSpriteRatio:0.1         ; only a maximum of 10% of scattered bokeh]]
[2020.08.21-14.41.52:369][  0]LogConfig: Setting CVar [[r.DOF.Recombine.Quality:1                ; cheap slight out of focus]]
[2020.08.21-14.41.52:369][  0]LogConfig: Setting CVar [[r.DOF.Recombine.EnableBokehSettings:0    ; no bokeh simulation on slight out of focus]]
[2020.08.21-14.41.52:369][  0]LogConfig: Setting CVar [[r.DOF.TemporalAAQuality:1                ; more stable temporal accumulation]]
[2020.08.21-14.41.52:369][  0]LogConfig: Setting CVar [[r.DOF.Kernel.MaxForegroundRadius:0.025]]
[2020.08.21-14.41.52:369][  0]LogConfig: Setting CVar [[r.DOF.Kernel.MaxBackgroundRadius:0.025]]
[2020.08.21-14.41.52:369][  0]LogConfig: Applying CVar settings from Section [TextureQuality@3] File [D:/Epic_Games/Detective Office/DetectiveOffice/Saved/Config/Windows/Scalability.ini]
[2020.08.21-14.41.52:369][  0]LogConfig: Setting CVar [[r.Streaming.MipBias:0]]
[2020.08.21-14.41.52:369][  0]LogConfig: Setting CVar [[r.Streaming.AmortizeCPUToGPUCopy:0]]
[2020.08.21-14.41.52:369][  0]LogConfig: Setting CVar [[r.Streaming.MaxNumTexturesToStreamPerFrame:0]]
[2020.08.21-14.41.52:369][  0]LogConfig: Setting CVar [[r.Streaming.Boost:1]]
[2020.08.21-14.41.52:369][  0]LogConfig: Setting CVar [[r.MaxAnisotropy:8]]
[2020.08.21-14.41.52:369][  0]LogConfig: Setting CVar [[r.VT.MaxAnisotropy:8]]
[2020.08.21-14.41.52:369][  0]LogConfig: Setting CVar [[r.Streaming.LimitPoolSizeToVRAM:0]]
[2020.08.21-14.41.52:369][  0]LogConfig: Setting CVar [[r.Streaming.PoolSize:1000]]
[2020.08.21-14.41.52:369][  0]LogConfig: Setting CVar [[r.Streaming.MaxEffectiveScreenSize:0]]
[2020.08.21-14.41.52:369][  0]LogConfig: Applying CVar settings from Section [EffectsQuality@3] File [D:/Epic_Games/Detective Office/DetectiveOffice/Saved/Config/Windows/Scalability.ini]
[2020.08.21-14.41.52:369][  0]LogConfig: Setting CVar [[r.TranslucencyLightingVolumeDim:64]]
[2020.08.21-14.41.52:369][  0]LogConfig: Setting CVar [[r.RefractionQuality:2]]
[2020.08.21-14.41.52:369][  0]LogConfig: Setting CVar [[r.SSR.Quality:3]]
[2020.08.21-14.41.52:369][  0]LogConfig: Setting CVar [[r.SSR.HalfResSceneColor:0]]
[2020.08.21-14.41.52:369][  0]LogConfig: Setting CVar [[r.SceneColorFormat:4]]
[2020.08.21-14.41.52:369][  0]LogConfig: Setting CVar [[r.DetailMode:2]]
[2020.08.21-14.41.52:369][  0]LogConfig: Setting CVar [[r.TranslucencyVolumeBlur:1]]
[2020.08.21-14.41.52:369][  0]LogConfig: Setting CVar [[r.MaterialQualityLevel:1 ; High quality]]
[2020.08.21-14.41.52:369][  0]LogConfig: Setting CVar [[r.SSS.Scale:1]]
[2020.08.21-14.41.52:369][  0]LogConfig: Setting CVar [[r.SSS.SampleSet:2]]
[2020.08.21-14.41.52:369][  0]LogConfig: Setting CVar [[r.SSS.Quality:1]]
[2020.08.21-14.41.52:369][  0]LogConfig: Setting CVar [[r.SSS.HalfRes:0]]
[2020.08.21-14.41.52:369][  0]LogConfig: Setting CVar [[r.SSGI.Quality:3]]
[2020.08.21-14.41.52:369][  0]LogConfig: Setting CVar [[r.EmitterSpawnRateScale:1.0]]
[2020.08.21-14.41.52:369][  0]LogConfig: Setting CVar [[r.ParticleLightQuality:2]]
[2020.08.21-14.41.52:369][  0]LogConfig: Setting CVar [[r.SkyAtmosphere.AerialPerspectiveLUT.FastApplyOnOpaque:1 ; Always have FastSkyLUT 1 in this case to avoid wrong sky]]
[2020.08.21-14.41.52:369][  0]LogConfig: Setting CVar [[r.SkyAtmosphere.AerialPerspectiveLUT.SampleCountPerSlice:1]]
[2020.08.21-14.41.52:369][  0]LogConfig: Setting CVar [[r.SkyAtmosphere.AerialPerspectiveLUT.DepthResolution:16.0]]
[2020.08.21-14.41.52:369][  0]LogConfig: Setting CVar [[r.SkyAtmosphere.FastSkyLUT:1]]
[2020.08.21-14.41.52:369][  0]LogConfig: Setting CVar [[r.SkyAtmosphere.FastSkyLUT.SampleCountMin:4.0]]
[2020.08.21-14.41.52:369][  0]LogConfig: Setting CVar [[r.SkyAtmosphere.FastSkyLUT.SampleCountMax:32.0]]
[2020.08.21-14.41.52:369][  0]LogConfig: Setting CVar [[r.SkyAtmosphere.SampleCountMin:4.0]]
[2020.08.21-14.41.52:369][  0]LogConfig: Setting CVar [[r.SkyAtmosphere.SampleCountMax:32.0]]
[2020.08.21-14.41.52:369][  0]LogConfig: Setting CVar [[r.SkyAtmosphere.TransmittanceLUT.UseSmallFormat:0]]
[2020.08.21-14.41.52:369][  0]LogConfig: Setting CVar [[r.SkyAtmosphere.TransmittanceLUT.SampleCount:10.0]]
[2020.08.21-14.41.52:369][  0]LogConfig: Setting CVar [[r.SkyAtmosphere.MultiScatteringLUT.SampleCount:15.0]]
[2020.08.21-14.41.52:369][  0]LogConfig: Applying CVar settings from Section [FoliageQuality@3] File [D:/Epic_Games/Detective Office/DetectiveOffice/Saved/Config/Windows/Scalability.ini]
[2020.08.21-14.41.52:369][  0]LogConfig: Setting CVar [[foliage.DensityScale:1.0]]
[2020.08.21-14.41.52:369][  0]LogConfig: Setting CVar [[grass.DensityScale:1.0]]
[2020.08.21-14.41.52:369][  0]LogConfig: Applying CVar settings from Section [ShadingQuality@3] File [D:/Epic_Games/Detective Office/DetectiveOffice/Saved/Config/Windows/Scalability.ini]
[2020.08.21-14.41.52:369][  0]LogConfig: Setting CVar [[r.HairStrands.SkyLighting.SampleCount:16]]
[2020.08.21-14.41.52:369][  0]LogConfig: Setting CVar [[r.HairStrands.SkyLighting.JitterIntegration:0]]
[2020.08.21-14.41.52:369][  0]LogConfig: Setting CVar [[r.HairStrands.SkyAO.SampleCount:16]]
[2020.08.21-14.41.52:369][  0]LogConfig: Setting CVar [[r.HairStrands.DeepShadow.SuperSampling:0]]
[2020.08.21-14.41.52:369][  0]LogConfig: Setting CVar [[r.HairStrands.VisibilityPPLL:0]]
[2020.08.21-14.41.52:369][  0]LogConfig: Setting CVar [[r.HairStrands.RasterizationScale:0.5]]
[2020.08.21-14.41.52:369][  0]LogConfig: Setting CVar [[r.HairStrands.VelocityRasterizationScale:1]]
[2020.08.21-14.41.52:369][  0]LogConfig: Applying CVar settings from Section [Startup] File [../../../Engine/Config/ConsoleVariables.ini]
[2020.08.21-14.41.52:370][  0]LogConfig: Setting CVar [[net.UseAdaptiveNetUpdateFrequency:0]]
[2020.08.21-14.41.52:370][  0]LogConfig: Setting CVar [[p.chaos.AllowCreatePhysxBodies:1]]
[2020.08.21-14.41.52:370][  0]LogConfig: Setting CVar [[fx.SkipVectorVMBackendOptimizations:1]]
[2020.08.21-14.41.52:370][  0]LogConfig: Applying CVar settings from Section [ConsoleVariables] File [D:/Epic_Games/Detective Office/DetectiveOffice/Saved/Config/Windows/Engine.ini]
[2020.08.21-14.41.52:370][  0]LogInit: Computer: VIJAYKUMARRPAI
[2020.08.21-14.41.52:370][  0]LogInit: User: VijaykumarRPai
[2020.08.21-14.41.52:370][  0]LogInit: CPU Page size=4096, Cores=2
[2020.08.21-14.41.52:370][  0]LogInit: High frequency timer resolution =10.000000 MHz
[2020.08.21-14.41.52:370][  0]LogMemory: Memory total: Physical=7.9GB (8GB approx)
[2020.08.21-14.41.52:370][  0]LogMemory: Platform Memory Stats for Windows
[2020.08.21-14.41.52:370][  0]LogMemory: Process Physical Memory: 117.05 MB used, 117.05 MB peak
[2020.08.21-14.41.52:370][  0]LogMemory: Process Virtual Memory: 95.29 MB used, 95.29 MB peak
[2020.08.21-14.41.52:370][  0]LogMemory: Physical Memory: 5070.96 MB used,  2987.63 MB free, 8058.59 MB total
[2020.08.21-14.41.52:370][  0]LogMemory: Virtual Memory: 5124.81 MB used,  134212600.00 MB free, 134217728.00 MB total
[2020.08.21-14.41.52:379][  0]LogWindows: WindowsPlatformFeatures enabled
[2020.08.21-14.41.52:434][  0]LogInit: Physics initialised using underlying interface: PhysX
[2020.08.21-14.41.52:436][  0]LogInit: Using OS detected language (en-US).
[2020.08.21-14.41.52:436][  0]LogInit: Using OS detected locale (en-IN).
[2020.08.21-14.41.52:439][  0]LogTextLocalizationManager: No specific localization for 'en-US' exists, so the 'en' localization will be used.
[2020.08.21-14.41.52:712][  0]LogInit: Setting process to per monitor DPI aware
[2020.08.21-14.41.52:960][  0]LogSlate: New Slate User Created.  User Index 0, Is Virtual User: 0
[2020.08.21-14.41.52:960][  0]LogSlate: Slate User Registered.  User Index 0, Is Virtual User: 0
[2020.08.21-14.41.53:481][  0]LogHMD: Failed to initialize OpenVR with code 110
[2020.08.21-14.41.53:481][  0]LogD3D11RHI: D3D11 min allowed feature level: 11_0
[2020.08.21-14.41.53:481][  0]LogD3D11RHI: D3D11 max allowed feature level: 11_0
[2020.08.21-14.41.53:481][  0]LogD3D11RHI: D3D11 adapters:
[2020.08.21-14.41.53:939][  0]LogD3D11RHI:    0. 'NVIDIA GeForce 940M' (Feature Level 11_0)
[2020.08.21-14.41.53:939][  0]LogD3D11RHI:       4049/0/4029 MB DedicatedVideo/DedicatedSystem/SharedSystem, Outputs:1, VendorId:0x10de
[2020.08.21-14.41.53:951][  0]LogD3D11RHI:    1. 'Intel(R) HD Graphics 520' (Feature Level 11_0)
[2020.08.21-14.41.53:951][  0]LogD3D11RHI:       128/0/4029 MB DedicatedVideo/DedicatedSystem/SharedSystem, Outputs:0, VendorId:0x8086
[2020.08.21-14.41.53:955][  0]LogD3D11RHI:    2. 'Microsoft Basic Render Driver' (Feature Level 11_0)
[2020.08.21-14.41.53:955][  0]LogD3D11RHI:       0/0/4029 MB DedicatedVideo/DedicatedSystem/SharedSystem, Outputs:0, VendorId:0x1414
[2020.08.21-14.41.53:955][  0]LogD3D11RHI: Chosen D3D11 Adapter: 0
[2020.08.21-14.41.54:029][  0]LogD3D11RHI: Creating new Direct3DDevice
[2020.08.21-14.41.54:029][  0]LogD3D11RHI:     GPU DeviceId: 0x1347 (for the marketing name, search the web for "GPU Device Id")
[2020.08.21-14.41.54:029][  0]LogWindows: EnumDisplayDevices:
[2020.08.21-14.41.54:029][  0]LogWindows:    0. 'Intel(R) HD Graphics 520' (P:1 D:1)
[2020.08.21-14.41.54:030][  0]LogWindows:    1. 'Intel(R) HD Graphics 520' (P:0 D:0)
[2020.08.21-14.41.54:030][  0]LogWindows:    2. 'Intel(R) HD Graphics 520' (P:0 D:0)
[2020.08.21-14.41.54:030][  0]LogWindows: DebugString: PrimaryIsNotTheChoosenAdapter PrimaryIsNotTheChoosenAdapter PrimaryIsNotTheChoosenAdapter FoundDriverCount:0 
[2020.08.21-14.41.54:030][  0]LogD3D11RHI:     Adapter Name: NVIDIA GeForce 940M
[2020.08.21-14.41.54:030][  0]LogD3D11RHI:   Driver Version: Unknown (internal:Unknown, unified:Unknown)
[2020.08.21-14.41.54:030][  0]LogD3D11RHI:      Driver Date: Unknown
[2020.08.21-14.41.54:030][  0]LogRHI: Texture pool is 2834 MB (70% of 4049 MB)
[2020.08.21-14.41.54:452][  0]LogD3D11RHI: RHI has support for 64 bit atomics
[2020.08.21-14.41.54:456][  0]LogD3D11RHI: [Aftermath] Enabled and primed
[2020.08.21-14.41.54:456][  0]LogD3D11RHI: Async texture creation enabled
[2020.08.21-14.41.54:477][  0]LogD3D11RHI: GPU Timing Frequency: 1000.000000 (Debug: 2 1)
[2020.08.21-14.41.57:497][  0]LogTargetPlatformManager: Display: Loaded TargetPlatform 'AllDesktop'
[2020.08.21-14.41.57:564][  0]LogTargetPlatformManager: Display: Loaded TargetPlatform 'Android'
[2020.08.21-14.41.57:564][  0]LogTargetPlatformManager: Display: Loaded TargetPlatform 'Android_ASTC'
[2020.08.21-14.41.57:564][  0]LogTargetPlatformManager: Display: Loaded TargetPlatform 'Android_DXT'
[2020.08.21-14.41.57:564][  0]LogTargetPlatformManager: Display: Loaded TargetPlatform 'Android_ETC2'
[2020.08.21-14.41.57:564][  0]LogTargetPlatformManager: Display: Loaded TargetPlatform 'AndroidClient'
[2020.08.21-14.41.57:564][  0]LogTargetPlatformManager: Display: Loaded TargetPlatform 'Android_ASTCClient'
[2020.08.21-14.41.57:564][  0]LogTargetPlatformManager: Display: Loaded TargetPlatform 'Android_DXTClient'
[2020.08.21-14.41.57:564][  0]LogTargetPlatformManager: Display: Loaded TargetPlatform 'Android_ETC2Client'
[2020.08.21-14.41.57:564][  0]LogTargetPlatformManager: Display: Loaded TargetPlatform 'Android_Multi'
[2020.08.21-14.41.57:564][  0]LogTargetPlatformManager: Display: Loaded TargetPlatform 'Android_MultiClient'
[2020.08.21-14.41.57:594][  0]LogTargetPlatformManager: Display: Loaded TargetPlatform 'IOSClient'
[2020.08.21-14.41.57:594][  0]LogTargetPlatformManager: Display: Loaded TargetPlatform 'IOS'
[2020.08.21-14.41.57:606][  0]LogTargetPlatformManager: Display: Loaded TargetPlatform 'Linux'
[2020.08.21-14.41.57:618][  0]LogTargetPlatformManager: Display: Loaded TargetPlatform 'LinuxNoEditor'
[2020.08.21-14.41.57:629][  0]LogTargetPlatformManager: Display: Loaded TargetPlatform 'LinuxClient'
[2020.08.21-14.41.57:640][  0]LogTargetPlatformManager: Display: Loaded TargetPlatform 'LinuxServer'
[2020.08.21-14.41.57:651][  0]LogTargetPlatformManager: Display: Loaded TargetPlatform 'LinuxAArch64NoEditor'
[2020.08.21-14.41.57:663][  0]LogTargetPlatformManager: Display: Loaded TargetPlatform 'LinuxAArch64Client'
[2020.08.21-14.41.57:675][  0]LogTargetPlatformManager: Display: Loaded TargetPlatform 'LinuxAArch64Server'
[2020.08.21-14.41.57:706][  0]LogTargetPlatformManager: Display: Loaded TargetPlatform 'Lumin'
[2020.08.21-14.41.57:707][  0]LogTargetPlatformManager: Display: Loaded TargetPlatform 'LuminClient'
[2020.08.21-14.41.57:727][  0]LogTargetPlatformManager: Display: Loaded TargetPlatform 'TVOSClient'
[2020.08.21-14.41.57:727][  0]LogTargetPlatformManager: Display: Loaded TargetPlatform 'TVOS'
[2020.08.21-14.41.57:739][  0]LogTargetPlatformManager: Display: Loaded TargetPlatform 'WindowsNoEditor'
[2020.08.21-14.41.57:751][  0]LogTargetPlatformManager: Display: Loaded TargetPlatform 'Windows'
[2020.08.21-14.41.57:762][  0]LogTargetPlatformManager: Display: Loaded TargetPlatform 'WindowsClient'
[2020.08.21-14.41.57:773][  0]LogTargetPlatformManager: Display: Loaded TargetPlatform 'WindowsServer'
[2020.08.21-14.41.57:773][  0]LogTargetPlatformManager: Display: Building Assets For Windows
[2020.08.21-14.41.57:784][  0]LogAudioDebug: Display: Lib vorbis DLL was dynamically loaded.
[2020.08.21-14.41.57:859][  0]LogShaderCompilers: Guid format shader working directory is 28 characters bigger than the processId version (../../../../Detective Office/DetectiveOffice/Intermediate/Shaders/WorkingDirectory/12736/).
[2020.08.21-14.41.57:859][  0]LogShaderCompilers: Cleaned the shader compiler working directory 'C:/Users/Vijaykumar R Pai.LAPTOP-C26T1P75/AppData/Local/Temp/UnrealShaderWorkingDir/430D2D6C47A385B10C2D468A372AB262/'.
[2020.08.21-14.41.57:860][  0]LogXGEController: Cannot use XGE Controller as Incredibuild is not installed on this machine.
[2020.08.21-14.41.57:860][  0]LogShaderCompilers: Cannot use XGE Shader Compiler as Incredibuild is not installed on this machine.
[2020.08.21-14.41.57:860][  0]LogShaderCompilers: Display: Using Local Shader Compiler.
[2020.08.21-14.41.59:050][  0]LogDerivedDataCache: Display: Max Cache Size: 512 MB
[2020.08.21-14.42.00:826][  0]LogDerivedDataCache: Loaded boot cache 1.78s 77MB C:/Users/Vijaykumar R Pai.LAPTOP-C26T1P75/AppData/Local/UnrealEngine/4.25/DerivedDataCache/Boot.ddc.
[2020.08.21-14.42.00:826][  0]LogDerivedDataCache: Display: Loaded Boot cache: C:/Users/Vijaykumar R Pai.LAPTOP-C26T1P75/AppData/Local/UnrealEngine/4.25/DerivedDataCache/Boot.ddc
[2020.08.21-14.42.00:826][  0]LogDerivedDataCache: FDerivedDataBackendGraph:  Pak pak cache file ../../../../Detective Office/DetectiveOffice/DerivedDataCache/DDC.ddp not found, will not use a pak cache.
[2020.08.21-14.42.00:826][  0]LogDerivedDataCache: Unable to find inner node Pak for hierarchical cache Hierarchy.
[2020.08.21-14.42.00:827][  0]LogDerivedDataCache: FDerivedDataBackendGraph:  CompressedPak pak cache file ../../../../Detective Office/DetectiveOffice/DerivedDataCache/Compressed.ddp not found, will not use a pak cache.
[2020.08.21-14.42.00:827][  0]LogDerivedDataCache: Unable to find inner node CompressedPak for hierarchical cache Hierarchy.
[2020.08.21-14.42.00:839][  0]LogDerivedDataCache: Display: Pak cache opened for reading ../../../Engine/DerivedDataCache/Compressed.ddp.
[2020.08.21-14.42.00:839][  0]LogDerivedDataCache: FDerivedDataBackendGraph:  EnterprisePak pak cache file ../../../Enterprise/DerivedDataCache/Compressed.ddp not found, will not use a pak cache.
[2020.08.21-14.42.00:839][  0]LogDerivedDataCache: Unable to find inner node EnterprisePak for hierarchical cache Hierarchy.
[2020.08.21-14.42.00:841][  0]LogDerivedDataCache: Using Local data cache path C:/Users/Vijaykumar R Pai.LAPTOP-C26T1P75/AppData/Local/UnrealEngine/Common/DerivedDataCache: Writable
[2020.08.21-14.42.00:841][  0]LogDerivedDataCache: Shared data cache path not found in *engine.ini, will not use an Shared cache.
[2020.08.21-14.42.00:841][  0]LogDerivedDataCache: Unable to find inner node Shared for hierarchical cache Hierarchy.
[2020.08.21-14.42.00:916][  0]LogSlate: Using FreeType 2.10.0
[2020.08.21-14.42.00:917][  0]LogSlate: SlateFontServices - WITH_FREETYPE: 1, WITH_HARFBUZZ: 1
[2020.08.21-14.42.03:285][  0]LogAssetRegistry: FAssetRegistry took 0.0032 seconds to start up
[2020.08.21-14.42.03:583][  0]LogInit: Selected Device Profile: [Windows]
[2020.08.21-14.42.03:889][  0]LogMeshReduction: Using QuadricMeshReduction for automatic static mesh reduction
[2020.08.21-14.42.03:889][  0]LogMeshReduction: Using SimplygonMeshReduction for automatic skeletal mesh reduction
[2020.08.21-14.42.03:889][  0]LogMeshReduction: Using ProxyLODMeshReduction for automatic mesh merging
[2020.08.21-14.42.03:889][  0]LogMeshReduction: No distributed automatic mesh merging module available
[2020.08.21-14.42.03:889][  0]LogMeshMerging: No distributed automatic mesh merging module available
[2020.08.21-14.42.04:003][  0]LogNetVersion: DetectiveOffice 1.0.0, NetCL: 13144385, EngineNetVer: 14, GameNetVer: 0 (Checksum: 610632957)
[2020.08.21-14.42.16:180][  0]LogAISub: UAISubsystem::UAISubsystem AISubsystem (00000295195BA980), frame # 0
[2020.08.21-14.42.16:180][  0]LogAISub: UAISubsystem::UAISubsystem AIPerceptionSystem (0000029519494680), frame # 0
[2020.08.21-14.42.16:181][  0]LogAISub: UAISubsystem::UAISubsystem EnvQueryManager (00000295195AA800), frame # 0
[2020.08.21-14.42.16:346][  0]LogPackageLocalizationCache: Processed 19 localized package path(s) for 1 prioritized culture(s) in 0.155250 seconds
[2020.08.21-14.42.16:352][  0]LogUObjectArray: 15917 objects as part of root set at end of initial load.
[2020.08.21-14.42.16:352][  0]LogUObjectAllocator: 3965568 out of 0 bytes used by permanent object pool.
[2020.08.21-14.42.16:352][  0]LogUObjectArray: CloseDisregardForGC: 0/0 objects in disregard for GC pool
[2020.08.21-14.42.17:832][  0]LogTcpMessaging: Initializing TcpMessaging bridge
[2020.08.21-14.42.18:006][  0]LogUdpMessaging: Initializing bridge on interface 0.0.0.0:0 to multicast group 230.0.0.1:6666.
[2020.08.21-14.42.18:132][  0]SourceControl: Source control is disabled
[2020.08.21-14.42.18:133][  0]SourceControl: Source control is disabled
[2020.08.21-14.42.18:137][  0]SourceControl: Source control is disabled
[2020.08.21-14.42.18:140][  0]SourceControl: Source control is disabled
[2020.08.21-14.42.18:150][  0]SourceControl: Source control is disabled
[2020.08.21-14.42.18:167][  0]LogVSAccessor: Display: Unable to create Visual Studio setup instance: 80040154
[2020.08.21-14.42.18:168][  0]LogVSAccessor: Display: Unable to create Visual Studio setup instance: 80040154
[2020.08.21-14.42.18:965][  0]LogAndroidPermission: UAndroidPermissionCallbackProxy::GetInstance
[2020.08.21-14.42.18:995][  0]LogAudioCaptureCore: Display: No Audio Capture implementations found. Audio input will be silent.
[2020.08.21-14.42.18:995][  0]LogAudioCaptureCore: Display: No Audio Capture implementations found. Audio input will be silent.
[2020.08.21-14.42.19:057][  0]LogOcInput: OculusInput pre-init called
[2020.08.21-14.42.19:071][  0]LogWindows: Failed to load 'OVRPlugin.dll' (GetLastError=126)
[2020.08.21-14.42.19:071][  0]LogWindows: File 'OVRPlugin.dll' does not exist
[2020.08.21-14.42.19:278][  0]LogEngine: Initializing Engine...
[2020.08.21-14.42.19:295][  0]LogHMD: Failed to initialize OpenVR with code 110
[2020.08.21-14.42.19:295][  0]LogMagicLeap: Warning: VR disabled because ZI is not enabled.  To enable, in the editor, Edit -> Project Settings -> Plugins -> Magic Leap Plugin -> Enable Zero Iteration
[2020.08.21-14.42.19:295][  0]LogStats: UGameplayTagsManager::InitializeManager -  0.000 s
[2020.08.21-14.42.19:572][  0]LogInit: Initializing FReadOnlyCVARCache
[2020.08.21-14.42.19:631][  0]LogAIModule: Creating AISystem for world Untitled
[2020.08.21-14.42.19:631][  0]LogAISub: UAISubsystem::UAISubsystem EnvQueryManager (0000029520509C00), frame # 0
[2020.08.21-14.42.19:631][  0]LogAISub: UAISubsystem::UAISubsystem AIPerceptionSystem (000002952052DE40), frame # 0
[2020.08.21-14.42.19:637][  0]LogAudioMixer: Display: Audio Mixer Platform Settings:
[2020.08.21-14.42.19:637][  0]LogAudioMixer: Display: 	Sample Rate:						  48000
[2020.08.21-14.42.19:637][  0]LogAudioMixer: Display: 	Callback Buffer Frame Size Requested: 1024
[2020.08.21-14.42.19:637][  0]LogAudioMixer: Display: 	Callback Buffer Frame Size To Use:	  1024
[2020.08.21-14.42.19:637][  0]LogAudioMixer: Display: 	Number of buffers to queue:			  2
[2020.08.21-14.42.19:637][  0]LogAudioMixer: Display: 	Max Channels (voices):				  32
[2020.08.21-14.42.19:637][  0]LogAudioMixer: Display: 	Number of Async Source Workers:		  0
[2020.08.21-14.42.19:637][  0]LogAudio: Display: AudioDevice MaxSources: 32
[2020.08.21-14.42.19:637][  0]LogAudio: Display: Using built-in audio occlusion.
[2020.08.21-14.42.19:637][  0]LogAudioMixer: Display: Initializing audio mixer.
[2020.08.21-14.42.19:654][  0]LogAudioMixer: Display: 0: FrontLeft
[2020.08.21-14.42.19:654][  0]LogAudioMixer: Display: 1: FrontRight
[2020.08.21-14.42.19:929][  0]LogAudioMixer: Display: Using Audio Device Speakers (Realtek High Definition Audio)
[2020.08.21-14.42.19:935][  0]LogAudioMixer: Display: Initializing Sound Submixes...
[2020.08.21-14.42.20:043][  0]LogAudioMixer: Display: Creating Master Submix 'MasterSubmixDefault'
[2020.08.21-14.42.20:043][  0]LogAudioMixer: Display: Creating Master Submix 'MasterReverbSubmixDefault'
[2020.08.21-14.42.20:044][  0]LogAudioMixer: Display: Creating Master Submix 'MasterEQSubmixDefault'
[2020.08.21-14.42.20:045][  0]LogInit: FAudioDevice initialized.
[2020.08.21-14.42.20:046][  0]LogNetVersion: Set ProjectVersion to 1.0.0.0. Version Checksum will be recalculated on next use.
[2020.08.21-14.42.20:921][  0]LogDerivedDataCache: Saved boot cache 0.88s 77MB C:/Users/Vijaykumar R Pai.LAPTOP-C26T1P75/AppData/Local/UnrealEngine/4.25/DerivedDataCache/Boot.ddc.
[2020.08.21-14.42.20:923][  0]LogInit: Texture streaming: Enabled
[2020.08.21-14.42.20:945][  0]LogEngineSessionManager: EngineSessionManager initialized
[2020.08.21-14.42.20:945][  0]LogEditorSessionSummary: Verbose: Initializing EditorSessionSummaryWriter for editor session tracking
[2020.08.21-14.42.20:947][  0]LogEditorSessionSummary: EditorSessionSummaryWriter initialized
[2020.08.21-14.42.21:022][  0]LogInit: Transaction tracking system initialized
[2020.08.21-14.42.21:056][  0]BlueprintLog: New page: Editor Load
[2020.08.21-14.42.21:330][  0]LocalizationService: Localization service is disabled
[2020.08.21-14.42.22:278][  0]LogVSAccessor: Display: Unable to create Visual Studio setup instance: 80040154
[2020.08.21-14.42.22:279][  0]LogVSAccessor: Display: Unable to create Visual Studio setup instance: 80040154
[2020.08.21-14.42.23:620][  0]LogCook: Display: Max memory allowance for cook 16384mb min free memory 0mb
[2020.08.21-14.42.23:620][  0]LogCook: Display: Mobile HDR setting 1
[2020.08.21-14.42.24:784][  0]LogFileCache: Scanning file cache for directory 'D:/Epic_Games/Detective Office/DetectiveOffice/Content/' took 0.01s
[2020.08.21-14.42.29:908][  0]SourceControl: Source control is disabled
[2020.08.21-14.42.29:908][  0]LogUnrealEdMisc: Loading editor; pre map load, took 42.128
[2020.08.21-14.42.29:908][  0]Cmd: MAP LOAD FILE="../../../../Detective Office/DetectiveOffice/Content/FirstPersonBP/Maps/FirstPersonExampleMap.umap" TEMPLATE=0 SHOWPROGRESS=1 FEATURELEVEL=3
[2020.08.21-14.42.29:909][  0]LightingResults: New page: Lighting Build
[2020.08.21-14.42.29:910][  0]LogWorld: UWorld::CleanupWorld for Untitled, bSessionEnded=true, bCleanupResources=true
[2020.08.21-14.42.29:910][  0]LogSlate: InvalidateAllWidgets triggered.  All widgets were invalidated
[2020.08.21-14.42.29:910][  0]MapCheck: New page: Map Check
[2020.08.21-14.42.29:910][  0]LightingResults: New page: Lighting Build
[2020.08.21-14.42.29:919][  0]LogAISub: UAISubsystem::~UAISubsystem EnvQueryManager (0000029520509C00), frame # 0
[2020.08.21-14.42.29:919][  0]LogAISub: UAISubsystem::~UAISubsystem AIPerceptionSystem (000002952052DE40), frame # 0
[2020.08.21-14.42.29:920][  0]LogUObjectHash: Compacting FUObjectHashTables data took   1.01ms
[2020.08.21-14.42.31:285][  0]LogTexture: Display: Building textures: HQ_Lightmap1_2 (AutoDXT, 2048X2048)
[2020.08.21-14.42.31:285][  0]LogTexture: Display: Building textures: HQ_Lightmap1_1 (AutoDXT, 2048X2048)
[2020.08.21-14.42.39:007][  0]LogTexture: Display: Building textures: HQ_Lightmap1_4 (AutoDXT, 2048X2048)
[2020.08.21-14.42.39:007][  0]LogTexture: Display: Building textures: HQ_Lightmap1_3 (AutoDXT, 2048X2048)
[2020.08.21-14.42.39:007][  0]LogTexture: Display: Building textures: HQ_Lightmap1_5 (AutoDXT, 64X64)
[2020.08.21-14.42.39:008][  0]LogTexture: Display: Building textures: LQ_Lightmap_1_1 (DXT1, 2048X2048)
[2020.08.21-14.42.39:008][  0]LogTexture: Display: Building textures: LQ_Lightmap_1_2 (DXT1, 2048X2048)
[2020.08.21-14.42.39:008][  0]LogTexture: Display: Building textures: LQ_Lightmap_1_3 (DXT1, 2048X2048)
[2020.08.21-14.42.39:008][  0]LogTexture: Display: Building textures: LQ_Lightmap_1_4 (DXT1, 2048X2048)
[2020.08.21-14.42.39:008][  0]LogTexture: Display: Building textures: LQ_Lightmap_1_5 (DXT1, 64X64)
[2020.08.21-14.42.39:008][  0]LogTexture: Display: Building textures: SkyOcclusion1_1 (AutoDXT, 2048X1024)
[2020.08.21-14.42.39:008][  0]LogTexture: Display: Building textures: SkyOcclusion1_2 (AutoDXT, 2048X1024)
[2020.08.21-14.42.39:008][  0]LogTexture: Display: Building textures: SkyOcclusion1_3 (AutoDXT, 2048X1024)
[2020.08.21-14.42.39:008][  0]LogTexture: Display: Building textures: SkyOcclusion1_4 (AutoDXT, 2048X1024)
[2020.08.21-14.42.39:008][  0]LogTexture: Display: Building textures: SkyOcclusion1_5 (AutoDXT, 64X32)
[2020.08.21-14.42.39:008][  0]LogTexture: Display: Building textures: ShadowMapTexture2D_10 (G8, 1024X1024)
[2020.08.21-14.42.39:008][  0]LogTexture: Display: Building textures: ShadowMapTexture2D_11 (G8, 1024X1024)
[2020.08.21-14.42.39:008][  0]LogTexture: Display: Building textures: ShadowMapTexture2D_12 (G8, 1024X1024)
[2020.08.21-14.42.39:008][  0]LogTexture: Display: Building textures: ShadowMapTexture2D_13 (G8, 1024X1024)
[2020.08.21-14.42.39:008][  0]LogTexture: Display: Building textures: ShadowMapTexture2D_14 (G8, 1024X1024)
[2020.08.21-14.42.39:008][  0]LogTexture: Display: Building textures: ShadowMapTexture2D_15 (G8, 32X32)
[2020.08.21-14.42.39:008][  0]LogTexture: Display: Building textures: ShadowMapTexture2D_8 (G8, 1024X1024)
[2020.08.21-14.42.39:008][  0]LogTexture: Display: Building textures: ShadowMapTexture2D_9 (G8, 1024X1024)
[2020.08.21-14.42.39:015][  0]LogAIModule: Creating AISystem for world FirstPersonExampleMap
[2020.08.21-14.42.39:015][  0]LogAISub: UAISubsystem::UAISubsystem EnvQueryManager (0000029528E64400), frame # 0
[2020.08.21-14.42.39:015][  0]LogAISub: UAISubsystem::UAISubsystem AIPerceptionSystem (0000029528E065C0), frame # 0
[2020.08.21-14.42.40:166][  0]LogEditorServer: Finished looking for orphan Actors (0.000 secs)
[2020.08.21-14.42.40:183][  0]LogUObjectHash: Compacting FUObjectHashTables data took   1.45ms
[2020.08.21-14.42.40:188][  0]Cmd: MAP CHECKDEP NOCLEARLOG
[2020.08.21-14.42.40:188][  0]MapCheck: Map check complete: 0 Error(s), 0 Warning(s), took 0.181ms to complete.
[2020.08.21-14.42.40:188][  0]LogFileHelpers: Loading map 'FirstPersonExampleMap' took 10.280
[2020.08.21-14.42.40:222][  0]LogUnrealEdMisc: Total Editor Startup Time, took 52.443
[2020.08.21-14.42.41:724][  0]LogSlate: Updating window title bar state: overlay mode, drag disabled, window buttons hidden, title bar hidden
[2020.08.21-14.42.41:760][  0]LogSlate: Updating window title bar state: overlay mode, drag disabled, window buttons hidden, title bar hidden
[2020.08.21-14.42.41:769][  0]LogSlate: Updating window title bar state: overlay mode, drag disabled, window buttons hidden, title bar hidden
[2020.08.21-14.42.41:778][  0]LogSlate: Updating window title bar state: overlay mode, drag disabled, window buttons hidden, title bar hidden
[2020.08.21-14.42.42:273][  0]LogCollectionManager: Loaded 0 collections in 0.001092 seconds
[2020.08.21-14.42.42:588][  0]LogFileCache: Scanning file cache for directory 'D:/Epic_Games/Detective Office/DetectiveOffice/Saved/Collections/' took 0.00s
[2020.08.21-14.42.42:588][  0]LogFileCache: Scanning file cache for directory 'D:/Epic_Games/Detective Office/DetectiveOffice/Content/Developers/VijaykumarRPai/Collections/' took 0.00s
[2020.08.21-14.42.42:588][  0]LogFileCache: Scanning file cache for directory 'D:/Epic_Games/Detective Office/DetectiveOffice/Content/Collections/' took 0.00s
[2020.08.21-14.42.42:588][  0]LogContentBrowser: Native class hierarchy populated in 0.0138 seconds. Added 3427 classes and 821 folders.
[2020.08.21-14.42.42:792][  0]LogContentBrowser: Native class hierarchy updated for 'WidgetCarousel' in 0.0003 seconds. Added 0 classes and 0 folders.
[2020.08.21-14.42.42:904][  0]LogContentBrowser: Native class hierarchy updated for 'AddContentDialog' in 0.0005 seconds. Added 0 classes and 0 folders.
[2020.08.21-14.42.43:020][  0]LogContentBrowser: Native class hierarchy updated for 'SceneOutliner' in 0.0005 seconds. Added 2 classes and 0 folders.
[2020.08.21-14.42.44:005][  0]LogSlate: Took 0.000318 seconds to synchronously load lazily loaded font '../../../Engine/Content/Slate/Fonts/Roboto-Regular.ttf' (155K)
[2020.08.21-14.42.44:010][  0]LogSlate: Took 0.000647 seconds to synchronously load lazily loaded font '../../../Engine/Content/Slate/Fonts/Roboto-Bold.ttf' (160K)
[2020.08.21-14.42.44:229][  0]LogSlate: Took 0.023254 seconds to synchronously load lazily loaded font '../../../Engine/Content/Editor/Slate/Fonts/FontAwesome.ttf' (139K)
[2020.08.21-14.42.45:016][  0]LogRenderer: Reallocating scene render targets to support 964x432 Format 10 NumSamples 1 (Frame:1).
[2020.08.21-14.42.47:493][  0]LogSlate: Window 'Tutorials' being destroyed
[2020.08.21-14.42.47:532][  0]LogContentBrowser: Native class hierarchy updated for 'HierarchicalLODOutliner' in 0.0005 seconds. Added 0 classes and 0 folders.
[2020.08.21-14.42.47:532][  0]LogLoad: (Engine Initialization) Total time: 59.75 seconds
[2020.08.21-14.42.47:532][  0]LogLoad: (Engine Initialization) Total Blueprint compile time: 0.00 seconds
[2020.08.21-14.42.47:884][  0]LogContentStreaming: Texture pool size now 1000 MB
[2020.08.21-14.42.47:986][  0]LogSlate: Took 0.000259 seconds to synchronously load lazily loaded font '../../../Engine/Content/Slate/Fonts/Roboto-Light.ttf' (167K)
[2020.08.21-14.42.48:040][  1]LogAssetRegistry: Asset discovery search completed in 44.7585 seconds
[2020.08.21-14.42.48:045][  1]LogCollectionManager: Fixed up redirectors for 0 collections in 0.000004 seconds (updated 0 objects)
[2020.08.21-14.42.58:263][457]LogSlate: Window 'Tutorials' being destroyed
[2020.08.21-14.43.08:774][ 59]LogUObjectGlobals: Warning: Failed to find object 'Object None.ActorDetails'
[2020.08.21-14.43.20:478][749]LogSlate: Window 'Tutorials' being destroyed
[2020.08.21-14.43.20:487][749]LogSlate: Window 'Tutorials' being destroyed
[2020.08.21-14.44.39:320][928]LogTemp: Repeating last play command: Selected Viewport
[2020.08.21-14.44.39:572][928]LogPlayLevel: PlayLevel: No blueprints needed recompiling
[2020.08.21-14.44.39:642][928]PIE: New page: PIE session: FirstPersonExampleMap (22-Aug-2020, 1:44:39 am)
[2020.08.21-14.44.39:665][928]LogOnline: OSS: Creating online subsystem instance for: NULL
[2020.08.21-14.44.39:746][928]LogOnline: OSS: TryLoadSubsystemAndSetDefault: Loaded subsystem for module [NULL]
[2020.08.21-14.44.39:817][928]LogPlayLevel: Creating play world package: /Game/FirstPersonBP/Maps/UEDPIE_0_FirstPersonExampleMap
[2020.08.21-14.44.39:904][928]LogPlayLevel: PIE: StaticDuplicateObject took: (0.084896s)
[2020.08.21-14.44.39:918][928]LogAIModule: Creating AISystem for world FirstPersonExampleMap
[2020.08.21-14.44.39:918][928]LogAISub: UAISubsystem::UAISubsystem EnvQueryManager (0000029531205C00), frame # 3928
[2020.08.21-14.44.39:918][928]LogAISub: UAISubsystem::UAISubsystem AIPerceptionSystem (0000029509DCCCC0), frame # 3928
[2020.08.21-14.44.39:918][928]LogPlayLevel: PIE: World Init took: (0.013994s)
[2020.08.21-14.44.39:918][928]LogPlayLevel: PIE: Created PIE world by copying editor world from /Game/FirstPersonBP/Maps/FirstPersonExampleMap.FirstPersonExampleMap to /Game/FirstPersonBP/Maps/UEDPIE_0_FirstPersonExampleMap.FirstPersonExampleMap (0.102361s)
[2020.08.21-14.44.39:944][928]LogUObjectHash: Compacting FUObjectHashTables data took   1.12ms
[2020.08.21-14.44.39:953][928]LogAudioMixer: Display: Audio Mixer Platform Settings:
[2020.08.21-14.44.39:953][928]LogAudioMixer: Display: 	Sample Rate:						  48000
[2020.08.21-14.44.39:953][928]LogAudioMixer: Display: 	Callback Buffer Frame Size Requested: 1024
[2020.08.21-14.44.39:953][928]LogAudioMixer: Display: 	Callback Buffer Frame Size To Use:	  1024
[2020.08.21-14.44.39:953][928]LogAudioMixer: Display: 	Number of buffers to queue:			  2
[2020.08.21-14.44.39:953][928]LogAudioMixer: Display: 	Max Channels (voices):				  32
[2020.08.21-14.44.39:953][928]LogAudioMixer: Display: 	Number of Async Source Workers:		  0
[2020.08.21-14.44.39:953][928]LogAudio: Display: AudioDevice MaxSources: 32
[2020.08.21-14.44.39:953][928]LogAudio: Display: Using built-in audio occlusion.
[2020.08.21-14.44.39:953][928]LogAudioMixer: Display: Initializing audio mixer.
[2020.08.21-14.44.39:957][928]LogAudioMixer: Display: 0: FrontLeft
[2020.08.21-14.44.39:957][928]LogAudioMixer: Display: 1: FrontRight
[2020.08.21-14.44.40:002][928]LogAudioMixer: Display: Using Audio Device Speakers (Realtek High Definition Audio)
[2020.08.21-14.44.40:003][928]LogAudioMixer: Display: Initializing Sound Submixes...
[2020.08.21-14.44.40:003][928]LogAudioMixer: Display: Creating Master Submix 'MasterSubmixDefault'
[2020.08.21-14.44.40:003][928]LogAudioMixer: Display: Creating Master Submix 'MasterReverbSubmixDefault'
[2020.08.21-14.44.40:003][928]LogAudioMixer: Display: Creating Master Submix 'MasterEQSubmixDefault'
[2020.08.21-14.44.40:026][928]LogInit: FAudioDevice initialized.
[2020.08.21-14.44.40:112][928]LogLoad: Game class is 'FirstPersonGameMode_C'
[2020.08.21-14.44.40:252][928]LogWorld: Bringing World /Game/FirstPersonBP/Maps/UEDPIE_0_FirstPersonExampleMap.FirstPersonExampleMap up for play (max tick rate 60) at 2020.08.21-20.14.40
[2020.08.21-14.44.40:301][928]LogWorld: Bringing up level for play took: 0.079896
[2020.08.21-14.44.40:312][928]LogOnline: OSS: Creating online subsystem instance for: :Context_1
[2020.08.21-14.44.40:684][928]LogContentBrowser: Native class hierarchy updated for 'MovieSceneCapture' in 0.0006 seconds. Added 20 classes and 0 folders.
[2020.08.21-14.44.40:923][928]PIE: Server logged in
[2020.08.21-14.44.40:927][928]PIE: Play in editor total start time 1.543 seconds.
[2020.08.21-14.44.51:535][490]LogSpawn: Warning: SpawnActor failed because of collision at the spawn location [X=1074.387 Y=-2.445 Z=308.013] for [FirstPersonProjectile_C]
[2020.08.21-14.45.01:977][ 86]LogSpawn: Warning: SpawnActor failed because of collision at the spawn location [X=-1237.075 Y=-452.119 Z=276.071] for [FirstPersonProjectile_C]
[2020.08.21-14.45.30:948][800]LogSlate: Updating window title bar state: overlay mode, drag disabled, window buttons hidden, title bar hidden
[2020.08.21-14.45.30:948][800]LogWorld: BeginTearingDown for /Game/FirstPersonBP/Maps/UEDPIE_0_FirstPersonExampleMap
[2020.08.21-14.45.30:948][800]LogWorld: UWorld::CleanupWorld for FirstPersonExampleMap, bSessionEnded=true, bCleanupResources=true
[2020.08.21-14.45.30:949][800]LogSlate: InvalidateAllWidgets triggered.  All widgets were invalidated
[2020.08.21-14.45.30:956][800]LogPlayLevel: Display: Shutting down PIE online subsystems
[2020.08.21-14.45.30:975][800]LogSlate: InvalidateAllWidgets triggered.  All widgets were invalidated
[2020.08.21-14.45.31:029][800]LogSlate: Updating window title bar state: overlay mode, drag disabled, window buttons hidden, title bar hidden
[2020.08.21-14.45.31:149][800]LogAISub: UAISubsystem::~UAISubsystem EnvQueryManager (0000029531205C00), frame # 6800
[2020.08.21-14.45.31:150][800]LogAISub: UAISubsystem::~UAISubsystem AIPerceptionSystem (0000029509DCCCC0), frame # 6800
[2020.08.21-14.45.31:151][800]LogUObjectHash: Compacting FUObjectHashTables data took   0.99ms
[2020.08.21-14.45.31:218][801]LogPlayLevel: Display: Destroying online subsystem :Context_1
[2020.08.21-14.47.54:937][577]EditorErrors: New page: Actor attachment
[2020.08.21-14.48.01:891][869]Cmd: DELETE
[2020.08.21-14.48.01:931][869]Cmd: ACTOR DELETE
[2020.08.21-14.48.02:324][869]LogEditorActor: Deleted Actor: StaticMeshActor
[2020.08.21-14.48.02:336][869]LogUObjectHash: Compacting FUObjectHashTables data took   0.98ms
[2020.08.21-14.48.02:355][869]LogEditorActor: Deleted 1 Actors (0.187 secs)
[2020.08.21-14.48.03:601][921]Cmd: DELETE
[2020.08.21-14.48.03:601][921]Cmd: ACTOR DELETE
[2020.08.21-14.48.03:604][921]LogEditorActor: Deleted Actor: StaticMeshActor
[2020.08.21-14.48.03:615][921]LogUObjectHash: Compacting FUObjectHashTables data took   0.98ms
[2020.08.21-14.48.03:620][921]LogEditorActor: Deleted 1 Actors (0.019 secs)
[2020.08.21-14.48.04:532][968]Cmd: DELETE
[2020.08.21-14.48.04:532][968]Cmd: ACTOR DELETE
[2020.08.21-14.48.04:538][968]LogEditorActor: Deleted Actor: StaticMeshActor
[2020.08.21-14.48.04:547][968]LogUObjectHash: Compacting FUObjectHashTables data took   0.38ms
[2020.08.21-14.48.04:549][968]LogEditorActor: Deleted 1 Actors (0.017 secs)
[2020.08.21-14.48.05:308][  6]Cmd: DELETE
[2020.08.21-14.48.05:308][  6]Cmd: ACTOR DELETE
[2020.08.21-14.48.05:313][  6]LogEditorActor: Deleted Actor: StaticMeshActor
[2020.08.21-14.48.05:328][  6]LogUObjectHash: Compacting FUObjectHashTables data took   0.74ms
[2020.08.21-14.48.05:334][  6]LogEditorActor: Deleted 1 Actors (0.026 secs)
[2020.08.21-14.48.05:951][ 39]Cmd: DELETE
[2020.08.21-14.48.05:952][ 39]Cmd: ACTOR DELETE
[2020.08.21-14.48.05:954][ 39]LogEditorActor: Deleted Actor: StaticMeshActor
[2020.08.21-14.48.05:964][ 39]LogUObjectHash: Compacting FUObjectHashTables data took   0.32ms
[2020.08.21-14.48.05:965][ 39]LogEditorActor: Deleted 1 Actors (0.013 secs)
[2020.08.21-14.48.06:947][ 89]Cmd: DELETE
[2020.08.21-14.48.06:947][ 89]Cmd: ACTOR DELETE
[2020.08.21-14.48.06:950][ 89]LogEditorActor: Deleted Actor: StaticMeshActor
[2020.08.21-14.48.06:969][ 89]LogUObjectHash: Compacting FUObjectHashTables data took   0.67ms
[2020.08.21-14.48.06:971][ 89]LogEditorActor: Deleted 1 Actors (0.023 secs)
[2020.08.21-14.48.09:507][223]Cmd: DELETE
[2020.08.21-14.48.09:507][223]Cmd: ACTOR DELETE
[2020.08.21-14.48.09:514][223]LogEditorActor: Deleted Actor: StaticMeshActor
[2020.08.21-14.48.09:531][223]LogUObjectHash: Compacting FUObjectHashTables data took   0.36ms
[2020.08.21-14.48.09:534][223]LogEditorActor: Deleted 1 Actors (0.028 secs)
[2020.08.21-14.48.15:452][532]Cmd: DELETE
[2020.08.21-14.48.15:452][532]Cmd: ACTOR DELETE
[2020.08.21-14.48.15:458][532]LogEditorActor: Deleted Actor: StaticMeshActor
[2020.08.21-14.48.15:473][532]LogUObjectHash: Compacting FUObjectHashTables data took   0.27ms
[2020.08.21-14.48.15:475][532]LogEditorActor: Deleted 1 Actors (0.023 secs)
[2020.08.21-14.48.16:446][581]Cmd: DELETE
[2020.08.21-14.48.16:446][581]Cmd: ACTOR DELETE
[2020.08.21-14.48.16:451][581]LogEditorActor: Deleted Actor: StaticMeshActor
[2020.08.21-14.48.16:466][581]LogUObjectHash: Compacting FUObjectHashTables data took   1.12ms
[2020.08.21-14.48.16:468][581]LogEditorActor: Deleted 1 Actors (0.022 secs)
[2020.08.21-14.48.17:105][613]Cmd: DELETE
[2020.08.21-14.48.17:105][613]Cmd: ACTOR DELETE
[2020.08.21-14.48.17:107][613]LogEditorActor: Deleted Actor: StaticMeshActor
[2020.08.21-14.48.17:125][613]LogUObjectHash: Compacting FUObjectHashTables data took   0.72ms
[2020.08.21-14.48.17:128][613]LogEditorActor: Deleted 1 Actors (0.022 secs)
[2020.08.21-14.48.35:238][913]Cmd: TRANSACTION UNDO
[2020.08.21-14.48.35:238][913]LogEditorTransaction: Undo Delete Actors
[2020.08.21-14.48.35:354][913]LogSlate: Took 0.000462 seconds to synchronously load lazily loaded font '../../../Engine/Content/Slate/Fonts/Roboto-Light.ttf' (167K)
[2020.08.21-14.48.36:291][946]Cmd: TRANSACTION UNDO
[2020.08.21-14.48.36:291][946]LogEditorTransaction: Undo Clicking on Actors
[2020.08.21-14.48.37:706][ 19]Cmd: TRANSACTION UNDO
[2020.08.21-14.48.37:706][ 19]LogEditorTransaction: Undo Delete Actors
[2020.08.21-14.48.38:210][ 40]Cmd: TRANSACTION UNDO
[2020.08.21-14.48.38:210][ 40]LogEditorTransaction: Undo Clicking on Actors
[2020.08.21-14.48.38:582][ 59]Cmd: TRANSACTION UNDO
[2020.08.21-14.48.38:584][ 59]LogEditorTransaction: Undo Delete Actors
[2020.08.21-14.48.42:997][247]Cmd: TRANSACTION UNDO
[2020.08.21-14.48.42:998][247]LogEditorTransaction: Undo Clicking on Actors
[2020.08.21-14.48.44:775][312]Cmd: TRANSACTION UNDO
[2020.08.21-14.48.44:775][312]LogEditorTransaction: Undo Delete Actors
[2020.08.21-14.48.46:294][370]Cmd: TRANSACTION UNDO
[2020.08.21-14.48.46:294][370]LogEditorTransaction: Undo Clicking on Actors
[2020.08.21-14.48.49:693][522]Cmd: TRANSACTION UNDO
[2020.08.21-14.48.49:693][522]LogEditorTransaction: Undo Delete Actors
[2020.08.21-14.48.53:391][678]Cmd: TRANSACTION UNDO
[2020.08.21-14.48.53:391][678]LogEditorTransaction: Undo Clicking on Actors
[2020.08.21-14.48.56:186][794]Cmd: TRANSACTION UNDO
[2020.08.21-14.48.56:186][794]LogEditorTransaction: Undo Delete Actors
[2020.08.21-14.48.57:672][861]Cmd: TRANSACTION UNDO
[2020.08.21-14.48.57:672][861]LogEditorTransaction: Undo Clicking on Actors
[2020.08.21-14.48.57:840][870]Cmd: TRANSACTION UNDO
[2020.08.21-14.48.57:840][870]LogEditorTransaction: Undo Delete Actors
[2020.08.21-14.48.58:014][876]Cmd: TRANSACTION UNDO
[2020.08.21-14.48.58:014][876]LogEditorTransaction: Undo Clicking on Actors
[2020.08.21-14.48.58:158][883]Cmd: TRANSACTION UNDO
[2020.08.21-14.48.58:158][883]LogEditorTransaction: Undo Delete Actors
[2020.08.21-14.48.58:307][887]Cmd: TRANSACTION UNDO
[2020.08.21-14.48.58:307][887]LogEditorTransaction: Undo Clicking on Actors
[2020.08.21-14.48.58:462][894]Cmd: TRANSACTION UNDO
[2020.08.21-14.48.58:463][894]LogEditorTransaction: Undo Delete Actors
[2020.08.21-14.49.03:596][131]Cmd: TRANSACTION UNDO
[2020.08.21-14.49.03:596][131]LogEditorTransaction: Undo Clicking on Actors
[2020.08.21-14.49.05:803][229]Cmd: TRANSACTION UNDO
[2020.08.21-14.49.05:803][229]LogEditorTransaction: Undo Delete Actors
[2020.08.21-14.49.06:009][235]Cmd: TRANSACTION UNDO
[2020.08.21-14.49.06:010][235]LogEditorTransaction: Undo Clicking on Actors
[2020.08.21-14.49.06:184][241]Cmd: TRANSACTION UNDO
[2020.08.21-14.49.06:184][241]LogEditorTransaction: Undo Clicking on Actors
[2020.08.21-14.49.06:324][246]Cmd: TRANSACTION UNDO
[2020.08.21-14.49.06:324][246]LogEditorTransaction: Undo Attach actors
[2020.08.21-14.49.06:474][252]Cmd: TRANSACTION UNDO
[2020.08.21-14.49.06:474][252]LogEditorTransaction: Undo Clicking on Actors
[2020.08.21-14.49.13:782][619]LogEditorViewport: Clicking on Actor (LMB): StaticMeshActor (Wall3)
[2020.08.21-14.49.18:891][766]Cmd: DELETE
[2020.08.21-14.49.18:891][766]Cmd: ACTOR DELETE
[2020.08.21-14.49.18:895][766]LogEditorActor: Deleted Actor: StaticMeshActor
[2020.08.21-14.49.18:908][766]LogUObjectHash: Compacting FUObjectHashTables data took   1.34ms
[2020.08.21-14.49.18:911][766]LogEditorActor: Deleted 1 Actors (0.019 secs)
[2020.08.21-14.49.19:566][799]Cmd: DELETE
[2020.08.21-14.49.19:566][799]Cmd: ACTOR DELETE
[2020.08.21-14.49.19:570][799]LogEditorActor: Deleted Actor: StaticMeshActor
[2020.08.21-14.49.19:586][799]LogUObjectHash: Compacting FUObjectHashTables data took   0.34ms
[2020.08.21-14.49.19:591][799]LogEditorActor: Deleted 1 Actors (0.025 secs)
[2020.08.21-14.49.20:199][829]Cmd: DELETE
[2020.08.21-14.49.20:200][829]Cmd: ACTOR DELETE
[2020.08.21-14.49.20:202][829]LogEditorActor: Deleted Actor: StaticMeshActor
[2020.08.21-14.49.20:219][829]LogUObjectHash: Compacting FUObjectHashTables data took   0.37ms
[2020.08.21-14.49.20:221][829]LogEditorActor: Deleted 1 Actors (0.021 secs)
[2020.08.21-14.49.20:783][856]Cmd: DELETE
[2020.08.21-14.49.20:783][856]Cmd: ACTOR DELETE
[2020.08.21-14.49.20:789][856]LogEditorActor: Deleted Actor: StaticMeshActor
[2020.08.21-14.49.20:810][856]LogUObjectHash: Compacting FUObjectHashTables data took   0.37ms
[2020.08.21-14.49.20:812][856]LogEditorActor: Deleted 1 Actors (0.029 secs)
[2020.08.21-14.49.21:570][893]Cmd: DELETE
[2020.08.21-14.49.21:570][893]Cmd: ACTOR DELETE
[2020.08.21-14.49.21:572][893]LogEditorActor: Deleted Actor: StaticMeshActor
[2020.08.21-14.49.21:586][893]LogUObjectHash: Compacting FUObjectHashTables data took   1.00ms
[2020.08.21-14.49.21:591][893]LogEditorActor: Deleted 1 Actors (0.021 secs)
[2020.08.21-14.49.22:248][924]Cmd: DELETE
[2020.08.21-14.49.22:248][924]Cmd: ACTOR DELETE
[2020.08.21-14.49.22:251][924]LogEditorActor: Deleted Actor: StaticMeshActor
[2020.08.21-14.49.22:265][924]LogUObjectHash: Compacting FUObjectHashTables data took   0.48ms
[2020.08.21-14.49.22:268][924]LogEditorActor: Deleted 1 Actors (0.020 secs)
[2020.08.21-14.49.27:231][173]Cmd: DELETE
[2020.08.21-14.49.27:231][173]Cmd: ACTOR DELETE
[2020.08.21-14.49.27:234][173]LogEditorActor: Deleted Actor: StaticMeshActor
[2020.08.21-14.49.27:235][173]LogEditorActor: Deleted Actor: StaticMeshActor
[2020.08.21-14.49.27:235][173]LogEditorActor: Deleted Actor: StaticMeshActor
[2020.08.21-14.49.27:235][173]LogEditorActor: Deleted Actor: StaticMeshActor
[2020.08.21-14.49.27:235][173]LogEditorActor: Deleted Actor: StaticMeshActor
[2020.08.21-14.49.27:235][173]LogEditorActor: Deleted Actor: StaticMeshActor
[2020.08.21-14.49.27:236][173]LogEditorActor: Deleted Actor: StaticMeshActor
[2020.08.21-14.49.27:236][173]LogEditorActor: Deleted Actor: StaticMeshActor
[2020.08.21-14.49.27:236][173]LogEditorActor: Deleted Actor: StaticMeshActor
[2020.08.21-14.49.27:236][173]LogEditorActor: Deleted Actor: StaticMeshActor
[2020.08.21-14.49.27:237][173]LogEditorActor: Deleted Actor: StaticMeshActor
[2020.08.21-14.49.27:237][173]LogEditorActor: Deleted Actor: StaticMeshActor
[2020.08.21-14.49.27:237][173]LogEditorActor: Deleted Actor: StaticMeshActor
[2020.08.21-14.49.27:238][173]LogEditorActor: Deleted Actor: StaticMeshActor
[2020.08.21-14.49.27:250][173]LogUObjectHash: Compacting FUObjectHashTables data took   0.38ms
[2020.08.21-14.49.27:254][173]LogEditorActor: Deleted 14 Actors (0.023 secs)
[2020.08.21-14.49.28:776][245]LogEditorViewport: Clicking on Actor (LMB): FirstPersonCharacter_C (FirstPersonCharacter)
[2020.08.21-14.49.31:535][327]LogEditorViewport: Clicking on Actor (LMB): BP_Sky_Sphere_C (SkySphereBlueprint)
[2020.08.21-14.49.55:711][225]LogSlate: Window 'Project Settings' being destroyed
[2020.08.21-14.49.55:724][225]LogSlate: Window 'Project Settings' being destroyed
[2020.08.21-14.50.04:904][409]LogTemp: Repeating last play command: Selected Viewport
[2020.08.21-14.50.04:975][409]LogPlayLevel: PlayLevel: No blueprints needed recompiling
[2020.08.21-14.50.04:975][409]PIE: New page: PIE session: FirstPersonExampleMap (22-Aug-2020, 1:50:04 am)
[2020.08.21-14.50.05:016][409]LogPlayLevel: Creating play world package: /Game/FirstPersonBP/Maps/UEDPIE_0_FirstPersonExampleMap
[2020.08.21-14.50.05:038][409]LogPlayLevel: PIE: StaticDuplicateObject took: (0.021292s)
[2020.08.21-14.50.05:040][409]LogAIModule: Creating AISystem for world FirstPersonExampleMap
[2020.08.21-14.50.05:040][409]LogAISub: UAISubsystem::UAISubsystem EnvQueryManager (000002954FC81000), frame # 12409
[2020.08.21-14.50.05:057][409]LogAISub: UAISubsystem::UAISubsystem AIPerceptionSystem (0000029593000A40), frame # 12409
[2020.08.21-14.50.05:058][409]LogPlayLevel: PIE: World Init took: (0.019598s)
[2020.08.21-14.50.05:058][409]LogPlayLevel: PIE: Created PIE world by copying editor world from /Game/FirstPersonBP/Maps/FirstPersonExampleMap.FirstPersonExampleMap to /Game/FirstPersonBP/Maps/UEDPIE_0_FirstPersonExampleMap.FirstPersonExampleMap (0.041271s)
[2020.08.21-14.50.05:073][409]LogUObjectHash: Compacting FUObjectHashTables data took   0.89ms
[2020.08.21-14.50.05:077][409]LogAudioMixer: Display: Audio Mixer Platform Settings:
[2020.08.21-14.50.05:077][409]LogAudioMixer: Display: 	Sample Rate:						  48000
[2020.08.21-14.50.05:077][409]LogAudioMixer: Display: 	Callback Buffer Frame Size Requested: 1024
[2020.08.21-14.50.05:077][409]LogAudioMixer: Display: 	Callback Buffer Frame Size To Use:	  1024
[2020.08.21-14.50.05:077][409]LogAudioMixer: Display: 	Number of buffers to queue:			  2
[2020.08.21-14.50.05:077][409]LogAudioMixer: Display: 	Max Channels (voices):				  32
[2020.08.21-14.50.05:077][409]LogAudioMixer: Display: 	Number of Async Source Workers:		  0
[2020.08.21-14.50.05:077][409]LogAudio: Display: AudioDevice MaxSources: 32
[2020.08.21-14.50.05:078][409]LogAudio: Display: Using built-in audio occlusion.
[2020.08.21-14.50.05:078][409]LogAudioMixer: Display: Initializing audio mixer.
[2020.08.21-14.50.05:083][409]LogAudioMixer: Display: 0: FrontLeft
[2020.08.21-14.50.05:083][409]LogAudioMixer: Display: 1: FrontRight
[2020.08.21-14.50.05:118][409]LogAudioMixer: Display: Using Audio Device Speakers (Realtek High Definition Audio)
[2020.08.21-14.50.05:118][409]LogAudioMixer: Display: Initializing Sound Submixes...
[2020.08.21-14.50.05:118][409]LogAudioMixer: Display: Creating Master Submix 'MasterSubmixDefault'
[2020.08.21-14.50.05:118][409]LogAudioMixer: Display: Creating Master Submix 'MasterReverbSubmixDefault'
[2020.08.21-14.50.05:118][409]LogAudioMixer: Display: Creating Master Submix 'MasterEQSubmixDefault'
[2020.08.21-14.50.05:137][409]LogInit: FAudioDevice initialized.
[2020.08.21-14.50.05:149][409]LogLoad: Game class is 'FirstPersonGameMode_C'
[2020.08.21-14.50.05:151][409]LogWorld: Bringing World /Game/FirstPersonBP/Maps/UEDPIE_0_FirstPersonExampleMap.FirstPersonExampleMap up for play (max tick rate 60) at 2020.08.21-20.20.05
[2020.08.21-14.50.05:151][409]LogWorld: Bringing up level for play took: 0.001421
[2020.08.21-14.50.05:151][409]LogOnline: OSS: Creating online subsystem instance for: :Context_4
[2020.08.21-14.50.05:154][409]PIE: Server logged in
[2020.08.21-14.50.05:155][409]PIE: Play in editor total start time 0.181 seconds.
[2020.08.21-14.50.18:710][ 81]LogSlate: Updating window title bar state: overlay mode, drag disabled, window buttons hidden, title bar hidden
[2020.08.21-14.50.18:711][ 81]LogWorld: BeginTearingDown for /Game/FirstPersonBP/Maps/UEDPIE_0_FirstPersonExampleMap
[2020.08.21-14.50.18:711][ 81]LogWorld: UWorld::CleanupWorld for FirstPersonExampleMap, bSessionEnded=true, bCleanupResources=true
[2020.08.21-14.50.18:711][ 81]LogSlate: InvalidateAllWidgets triggered.  All widgets were invalidated
[2020.08.21-14.50.18:728][ 81]LogPlayLevel: Display: Shutting down PIE online subsystems
[2020.08.21-14.50.18:729][ 81]LogSlate: InvalidateAllWidgets triggered.  All widgets were invalidated
[2020.08.21-14.50.18:761][ 81]LogSlate: Updating window title bar state: overlay mode, drag disabled, window buttons hidden, title bar hidden
[2020.08.21-14.50.18:762][ 81]LogAISub: UAISubsystem::~UAISubsystem AIPerceptionSystem (0000029593000A40), frame # 13081
[2020.08.21-14.50.18:762][ 81]LogAISub: UAISubsystem::~UAISubsystem EnvQueryManager (000002954FC81000), frame # 13081
[2020.08.21-14.50.18:763][ 81]LogUObjectHash: Compacting FUObjectHashTables data took   0.80ms
[2020.08.21-14.50.18:798][ 82]LogPlayLevel: Display: Destroying online subsystem :Context_4
[2020.08.21-14.50.19:771][128]Cmd: SELECT NONE
[2020.08.21-14.50.20:929][183]LogTemp: Repeating last play command: Selected Viewport
[2020.08.21-14.50.20:943][183]LogPlayLevel: PlayLevel: No blueprints needed recompiling
[2020.08.21-14.50.20:943][183]PIE: New page: PIE session: FirstPersonExampleMap (22-Aug-2020, 1:50:20 am)
[2020.08.21-14.50.20:943][183]LogPlayLevel: Creating play world package: /Game/FirstPersonBP/Maps/UEDPIE_0_FirstPersonExampleMap
[2020.08.21-14.50.20:962][183]LogPlayLevel: PIE: StaticDuplicateObject took: (0.018819s)
[2020.08.21-14.50.20:964][183]LogAIModule: Creating AISystem for world FirstPersonExampleMap
[2020.08.21-14.50.20:964][183]LogAISub: UAISubsystem::UAISubsystem EnvQueryManager (0000029529D02400), frame # 13183
[2020.08.21-14.50.20:964][183]LogAISub: UAISubsystem::UAISubsystem AIPerceptionSystem (00000295930025C0), frame # 13183
[2020.08.21-14.50.20:965][183]LogPlayLevel: PIE: World Init took: (0.002972s)
[2020.08.21-14.50.20:965][183]LogPlayLevel: PIE: Created PIE world by copying editor world from /Game/FirstPersonBP/Maps/FirstPersonExampleMap.FirstPersonExampleMap to /Game/FirstPersonBP/Maps/UEDPIE_0_FirstPersonExampleMap.FirstPersonExampleMap (0.022183s)
[2020.08.21-14.50.20:992][183]LogUObjectHash: Compacting FUObjectHashTables data took   1.49ms
[2020.08.21-14.50.20:994][183]LogAudioMixer: Display: Audio Mixer Platform Settings:
[2020.08.21-14.50.20:994][183]LogAudioMixer: Display: 	Sample Rate:						  48000
[2020.08.21-14.50.20:994][183]LogAudioMixer: Display: 	Callback Buffer Frame Size Requested: 1024
[2020.08.21-14.50.20:994][183]LogAudioMixer: Display: 	Callback Buffer Frame Size To Use:	  1024
[2020.08.21-14.50.20:994][183]LogAudioMixer: Display: 	Number of buffers to queue:			  2
[2020.08.21-14.50.20:994][183]LogAudioMixer: Display: 	Max Channels (voices):				  32
[2020.08.21-14.50.20:994][183]LogAudioMixer: Display: 	Number of Async Source Workers:		  0
[2020.08.21-14.50.20:994][183]LogAudio: Display: AudioDevice MaxSources: 32
[2020.08.21-14.50.20:995][183]LogAudio: Display: Using built-in audio occlusion.
[2020.08.21-14.50.20:995][183]LogAudioMixer: Display: Initializing audio mixer.
[2020.08.21-14.50.21:000][183]LogAudioMixer: Display: 0: FrontLeft
[2020.08.21-14.50.21:000][183]LogAudioMixer: Display: 1: FrontRight
[2020.08.21-14.50.21:040][183]LogAudioMixer: Display: Using Audio Device Speakers (Realtek High Definition Audio)
[2020.08.21-14.50.21:040][183]LogAudioMixer: Display: Initializing Sound Submixes...
[2020.08.21-14.50.21:041][183]LogAudioMixer: Display: Creating Master Submix 'MasterSubmixDefault'
[2020.08.21-14.50.21:041][183]LogAudioMixer: Display: Creating Master Submix 'MasterReverbSubmixDefault'
[2020.08.21-14.50.21:041][183]LogAudioMixer: Display: Creating Master Submix 'MasterEQSubmixDefault'
[2020.08.21-14.50.21:059][183]LogInit: FAudioDevice initialized.
[2020.08.21-14.50.21:069][183]LogLoad: Game class is 'FirstPersonGameMode_C'
[2020.08.21-14.50.21:071][183]LogWorld: Bringing World /Game/FirstPersonBP/Maps/UEDPIE_0_FirstPersonExampleMap.FirstPersonExampleMap up for play (max tick rate 60) at 2020.08.21-20.20.21
[2020.08.21-14.50.21:071][183]LogWorld: Bringing up level for play took: 0.001348
[2020.08.21-14.50.21:071][183]LogOnline: OSS: Creating online subsystem instance for: :Context_5
[2020.08.21-14.50.21:114][183]PIE: Server logged in
[2020.08.21-14.50.21:115][183]PIE: Play in editor total start time 0.173 seconds.
[2020.08.21-14.50.26:868][477]LogSlate: Updating window title bar state: overlay mode, drag disabled, window buttons hidden, title bar hidden
[2020.08.21-14.50.26:868][477]LogWorld: BeginTearingDown for /Game/FirstPersonBP/Maps/UEDPIE_0_FirstPersonExampleMap
[2020.08.21-14.50.26:868][477]LogWorld: UWorld::CleanupWorld for FirstPersonExampleMap, bSessionEnded=true, bCleanupResources=true
[2020.08.21-14.50.26:868][477]LogSlate: InvalidateAllWidgets triggered.  All widgets were invalidated
[2020.08.21-14.50.26:875][477]LogPlayLevel: Display: Shutting down PIE online subsystems
[2020.08.21-14.50.26:877][477]LogSlate: InvalidateAllWidgets triggered.  All widgets were invalidated
[2020.08.21-14.50.26:888][477]LogSlate: Updating window title bar state: overlay mode, drag disabled, window buttons hidden, title bar hidden
[2020.08.21-14.50.26:912][477]LogAISub: UAISubsystem::~UAISubsystem AIPerceptionSystem (00000295930025C0), frame # 13477
[2020.08.21-14.50.26:912][477]LogAISub: UAISubsystem::~UAISubsystem EnvQueryManager (0000029529D02400), frame # 13477
[2020.08.21-14.50.26:913][477]LogUObjectHash: Compacting FUObjectHashTables data took   0.90ms
[2020.08.21-14.50.26:941][478]LogPlayLevel: Display: Destroying online subsystem :Context_5
[2020.08.21-14.51.37:137][534]EditorErrors: New page: Actor attachment
[2020.08.21-14.51.47:525][ 26]EditorErrors: New page: Actor attachment
[2020.08.21-14.51.50:219][173]EditorErrors: New page: Actor attachment
[2020.08.21-14.52.26:937][681]Cmd: DELETE
[2020.08.21-14.52.26:937][681]Cmd: ACTOR DELETE
[2020.08.21-14.52.26:950][681]LogUObjectHash: Compacting FUObjectHashTables data took   0.86ms
[2020.08.21-14.52.26:954][681]LogEditorActor: Deleted 0 Actors (0.016 secs)
[2020.08.21-14.52.32:921][953]Cmd: DELETE
[2020.08.21-14.52.32:921][953]Cmd: ACTOR DELETE
[2020.08.21-14.52.32:937][953]LogUObjectHash: Compacting FUObjectHashTables data took   0.77ms
[2020.08.21-14.52.32:938][953]LogEditorActor: Deleted 0 Actors (0.017 secs)
[2020.08.21-14.52.35:273][ 93]Cmd: DELETE
[2020.08.21-14.52.35:273][ 93]Cmd: ACTOR DELETE
[2020.08.21-14.52.35:290][ 93]LogUObjectHash: Compacting FUObjectHashTables data took   0.26ms
[2020.08.21-14.52.35:291][ 93]LogEditorActor: Deleted 0 Actors (0.018 secs)
[2020.08.21-14.53.12:478][631]Cmd: DELETE
[2020.08.21-14.53.12:478][631]Cmd: ACTOR DELETE
[2020.08.21-14.53.12:497][631]LogUObjectHash: Compacting FUObjectHashTables data took   0.33ms
[2020.08.21-14.53.12:498][631]LogEditorActor: Deleted 0 Actors (0.020 secs)
[2020.08.21-14.54.13:998][176]LogTemp: Repeating last play command: Selected Viewport
[2020.08.21-14.54.14:019][176]LogPlayLevel: PlayLevel: No blueprints needed recompiling
[2020.08.21-14.54.14:019][176]PIE: New page: PIE session: FirstPersonExampleMap (22-Aug-2020, 1:54:14 am)
[2020.08.21-14.54.14:021][176]LogPlayLevel: Creating play world package: /Game/FirstPersonBP/Maps/UEDPIE_0_FirstPersonExampleMap
[2020.08.21-14.54.14:059][176]LogPlayLevel: PIE: StaticDuplicateObject took: (0.037623s)
[2020.08.21-14.54.14:062][176]LogAIModule: Creating AISystem for world FirstPersonExampleMap
[2020.08.21-14.54.14:062][176]LogAISub: UAISubsystem::UAISubsystem EnvQueryManager (000002954FC80400), frame # 19176
[2020.08.21-14.54.14:062][176]LogAISub: UAISubsystem::UAISubsystem AIPerceptionSystem (0000029531542840), frame # 19176
[2020.08.21-14.54.14:062][176]LogPlayLevel: PIE: World Init took: (0.003293s)
[2020.08.21-14.54.14:063][176]LogPlayLevel: PIE: Created PIE world by copying editor world from /Game/FirstPersonBP/Maps/FirstPersonExampleMap.FirstPersonExampleMap to /Game/FirstPersonBP/Maps/UEDPIE_0_FirstPersonExampleMap.FirstPersonExampleMap (0.041580s)
[2020.08.21-14.54.14:084][176]LogUObjectHash: Compacting FUObjectHashTables data took   1.91ms
[2020.08.21-14.54.14:091][176]LogAudioMixer: Display: Audio Mixer Platform Settings:
[2020.08.21-14.54.14:091][176]LogAudioMixer: Display: 	Sample Rate:						  48000
[2020.08.21-14.54.14:091][176]LogAudioMixer: Display: 	Callback Buffer Frame Size Requested: 1024
[2020.08.21-14.54.14:091][176]LogAudioMixer: Display: 	Callback Buffer Frame Size To Use:	  1024
[2020.08.21-14.54.14:091][176]LogAudioMixer: Display: 	Number of buffers to queue:			  2
[2020.08.21-14.54.14:092][176]LogAudioMixer: Display: 	Max Channels (voices):				  32
[2020.08.21-14.54.14:092][176]LogAudioMixer: Display: 	Number of Async Source Workers:		  0
[2020.08.21-14.54.14:092][176]LogAudio: Display: AudioDevice MaxSources: 32
[2020.08.21-14.54.14:093][176]LogAudio: Display: Using built-in audio occlusion.
[2020.08.21-14.54.14:094][176]LogAudioMixer: Display: Initializing audio mixer.
[2020.08.21-14.54.14:104][176]LogAudioMixer: Display: 0: FrontLeft
[2020.08.21-14.54.14:104][176]LogAudioMixer: Display: 1: FrontRight
[2020.08.21-14.54.14:142][176]LogAudioMixer: Display: Using Audio Device Speakers (Realtek High Definition Audio)
[2020.08.21-14.54.14:142][176]LogAudioMixer: Display: Initializing Sound Submixes...
[2020.08.21-14.54.14:142][176]LogAudioMixer: Display: Creating Master Submix 'MasterSubmixDefault'
[2020.08.21-14.54.14:142][176]LogAudioMixer: Display: Creating Master Submix 'MasterReverbSubmixDefault'
[2020.08.21-14.54.14:143][176]LogAudioMixer: Display: Creating Master Submix 'MasterEQSubmixDefault'
[2020.08.21-14.54.14:160][176]LogInit: FAudioDevice initialized.
[2020.08.21-14.54.14:174][176]LogLoad: Game class is 'FirstPersonGameMode_C'
[2020.08.21-14.54.14:176][176]LogWorld: Bringing World /Game/FirstPersonBP/Maps/UEDPIE_0_FirstPersonExampleMap.FirstPersonExampleMap up for play (max tick rate 60) at 2020.08.21-20.24.14
[2020.08.21-14.54.14:177][176]LogWorld: Bringing up level for play took: 0.001588
[2020.08.21-14.54.14:177][176]LogOnline: OSS: Creating online subsystem instance for: :Context_6
[2020.08.21-14.54.14:180][176]PIE: Server logged in
[2020.08.21-14.54.14:180][176]PIE: Play in editor total start time 0.163 seconds.
[2020.08.21-14.54.15:505][242]LogSlate: Updating window title bar state: overlay mode, drag disabled, window buttons hidden, title bar hidden
[2020.08.21-14.54.15:505][242]LogWorld: BeginTearingDown for /Game/FirstPersonBP/Maps/UEDPIE_0_FirstPersonExampleMap
[2020.08.21-14.54.15:505][242]LogWorld: UWorld::CleanupWorld for FirstPersonExampleMap, bSessionEnded=true, bCleanupResources=true
[2020.08.21-14.54.15:506][242]LogSlate: InvalidateAllWidgets triggered.  All widgets were invalidated
[2020.08.21-14.54.15:514][242]LogPlayLevel: Display: Shutting down PIE online subsystems
[2020.08.21-14.54.15:515][242]LogSlate: InvalidateAllWidgets triggered.  All widgets were invalidated
[2020.08.21-14.54.15:526][242]LogSlate: Updating window title bar state: overlay mode, drag disabled, window buttons hidden, title bar hidden
[2020.08.21-14.54.15:565][242]LogAISub: UAISubsystem::~UAISubsystem AIPerceptionSystem (0000029531542840), frame # 19242
[2020.08.21-14.54.15:565][242]LogAISub: UAISubsystem::~UAISubsystem EnvQueryManager (000002954FC80400), frame # 19242
[2020.08.21-14.54.15:566][242]LogUObjectHash: Compacting FUObjectHashTables data took   1.20ms
[2020.08.21-14.54.15:593][243]LogPlayLevel: Display: Destroying online subsystem :Context_6
[2020.08.21-14.54.41:128][344]LogUObjectHash: Compacting FUObjectHashTables data took   0.81ms
[2020.08.21-14.54.41:658][344]LogSavePackage: Moving '../../../../Detective Office/DetectiveOffice/Saved/FirstPersonExampleMap_Auto1A3733C004C6D72F072F92CA4278CDA38.tmp' to '../../../../Detective Office/DetectiveOffice/Saved/Autosaves/Game/FirstPersonBP/Maps/FirstPersonExampleMap_Auto1.umap'
[2020.08.21-14.54.41:780][344]LogFileHelpers: Editor autosave (incl. sublevels) for '/Game/FirstPersonBP/Maps/FirstPersonExampleMap' took 0.663
[2020.08.21-14.54.41:780][344]LogFileHelpers: Editor autosave (incl. sublevels) for all levels took 0.663
[2020.08.21-14.55.07:394][662]LogEditorViewport: Clicking on Actor (LMB): TextRenderActor (TemplateLabel)
[2020.08.21-14.55.08:425][718]LogEditorViewport: Clicking on Actor (LMB): StaticMeshActor (Floor)
[2020.08.21-14.55.20:024][914]LogEditorViewport: Clicking on Actor (context menu): BP_Sky_Sphere_C (SkySphereBlueprint)
[2020.08.21-14.55.57:083][515]Cmd: OBJ SAVEPACKAGE PACKAGE="/Game/Meshes/CubeMaterial" FILE="../../../../Detective Office/DetectiveOffice/Content/Meshes/CubeMaterial.uasset" SILENT=true
[2020.08.21-14.55.57:166][515]LogSavePackage: Moving '../../../../Detective Office/DetectiveOffice/Saved/CubeMaterial00101E174C329B5B438B5FAC10EA84C4.tmp' to '../../../../Detective Office/DetectiveOffice/Content/Meshes/CubeMaterial.uasset'
[2020.08.21-14.55.57:261][515]Cmd: OBJ SAVEPACKAGE PACKAGE="/Game/Meshes/1M_Cube" FILE="../../../../Detective Office/DetectiveOffice/Content/Meshes/1M_Cube.uasset" SILENT=true
[2020.08.21-14.55.57:306][515]LogSavePackage: Moving '../../../../Detective Office/DetectiveOffice/Saved/1M_Cube9B018052470E357D25C89A8A841F0045.tmp' to '../../../../Detective Office/DetectiveOffice/Content/Meshes/1M_Cube.uasset'
[2020.08.21-14.55.57:308][515]Cmd: OBJ SAVEPACKAGE PACKAGE="/Game/Geometry/Meshes/1M_Cube" FILE="../../../../Detective Office/DetectiveOffice/Content/Geometry/Meshes/1M_Cube.uasset" SILENT=true
[2020.08.21-14.55.57:334][515]LogSavePackage: Moving '../../../../Detective Office/DetectiveOffice/Saved/1M_CubeD51C3FB947B1D2788CD296987F1E5FC1.tmp' to '../../../../Detective Office/DetectiveOffice/Content/Geometry/Meshes/1M_Cube.uasset'
[2020.08.21-14.55.57:406][515]Cmd: OBJ SAVEPACKAGE PACKAGE="/Game/Meshes/1M_Cube_Chamfer" FILE="../../../../Detective Office/DetectiveOffice/Content/Meshes/1M_Cube_Chamfer.uasset" SILENT=true
[2020.08.21-14.55.57:447][515]LogSavePackage: Moving '../../../../Detective Office/DetectiveOffice/Saved/1M_Cube_Chamfer00F65257476541DEE9B3A7AFFF173BFF.tmp' to '../../../../Detective Office/DetectiveOffice/Content/Meshes/1M_Cube_Chamfer.uasset'
[2020.08.21-14.55.57:507][515]Cmd: OBJ SAVEPACKAGE PACKAGE="/Game/Meshes/TemplateFloor" FILE="../../../../Detective Office/DetectiveOffice/Content/Meshes/TemplateFloor.uasset" SILENT=true
[2020.08.21-14.55.57:630][515]LogSavePackage: Moving '../../../../Detective Office/DetectiveOffice/Saved/TemplateFloor1B6357734677C7C06573E48579601990.tmp' to '../../../../Detective Office/DetectiveOffice/Content/Meshes/TemplateFloor.uasset'
[2020.08.21-14.55.58:040][515]LogUObjectHash: Compacting FUObjectHashTables data took   0.85ms
[2020.08.21-14.55.58:052][515]LogUObjectHash: Compacting FUObjectHashTables data took   0.39ms
[2020.08.21-14.55.58:063][515]LogUObjectHash: Compacting FUObjectHashTables data took   0.26ms
[2020.08.21-14.55.58:093][515]LogUObjectHash: Compacting FUObjectHashTables data took   0.75ms
[2020.08.21-14.55.58:104][515]LogUObjectHash: Compacting FUObjectHashTables data took   0.34ms
[2020.08.21-14.55.58:429][515]AssetCheck: New page: Asset Save: multiple assets
[2020.08.21-14.55.58:429][515]LogContentValidation: Display: Validating Material /Game/Meshes/CubeMaterial.CubeMaterial
[2020.08.21-14.55.58:429][515]LogContentValidation: Display: Validating StaticMesh /Game/Meshes/1M_Cube.1M_Cube
[2020.08.21-14.55.58:429][515]LogContentValidation: Display: Validating ObjectRedirector /Game/Geometry/Meshes/1M_Cube.1M_Cube
[2020.08.21-14.55.58:429][515]LogContentValidation: Display: Validating StaticMesh /Game/Meshes/1M_Cube_Chamfer.1M_Cube_Chamfer
[2020.08.21-14.55.58:429][515]LogContentValidation: Display: Validating StaticMesh /Game/Meshes/TemplateFloor.TemplateFloor
[2020.08.21-14.56.12:593][836]LogUObjectHash: Compacting FUObjectHashTables data took   0.49ms
[2020.08.21-14.56.14:440][836]LogSlate: Window 'Delete Assets' being destroyed
[2020.08.21-14.56.14:897][836]LogUObjectGlobals: Force Deleting 1 Package(s):
	Asset Name: /Game/Geometry/Meshes/1M_Cube.1M_Cube
[2020.08.21-14.56.16:893][836]LogUObjectHash: Compacting FUObjectHashTables data took   0.80ms
[2020.08.21-14.56.16:911][836]LogUObjectHash: Compacting FUObjectHashTables data took   0.78ms
[2020.08.21-14.56.16:932][836]LogUObjectHash: Compacting FUObjectHashTables data took   0.28ms
[2020.08.21-15.04.42:075][788]LogUObjectHash: Compacting FUObjectHashTables data took   0.94ms
[2020.08.21-15.04.42:154][788]LogSavePackage: Moving '../../../../Detective Office/DetectiveOffice/Saved/FirstPersonExampleMap_Auto25BC8059945944A1DD79C55A29C14AD32.tmp' to '../../../../Detective Office/DetectiveOffice/Saved/Autosaves/Game/FirstPersonBP/Maps/FirstPersonExampleMap_Auto2.umap'
[2020.08.21-15.04.42:155][788]LogFileHelpers: Editor autosave (incl. sublevels) for '/Game/FirstPersonBP/Maps/FirstPersonExampleMap' took 0.093
[2020.08.21-15.04.42:155][788]LogFileHelpers: Editor autosave (incl. sublevels) for all levels took 0.093
